2025-09-26 15:11:35 | INFO | {"event": "service_startup", "timestamp": "2025-09-26T15:11:35.634713", "service": "Service Gateway"}
2025-09-29 12:01:31 | INFO | {"event": "service_startup", "timestamp": "2025-09-29T12:01:31.959147", "service": "Service Gateway"}
2025-09-29 12:02:43 | INFO | {"event": "service_startup", "timestamp": "2025-09-29T12:02:43.492320", "service": "Service Gateway"}
2025-09-29 12:02:43 | INFO | {"event": "service_shutdown", "timestamp": "2025-09-29T12:02:43.494911", "service": "Service Gateway"}
2025-09-29 12:07:01 | INFO | {"event": "service_startup", "timestamp": "2025-09-29T12:07:01.542574", "service": "Service Gateway"}
2025-09-29 12:07:01 | INFO | {"event": "service_shutdown", "timestamp": "2025-09-29T12:07:01.545375", "service": "Service Gateway"}
2025-09-29 12:07:02 | INFO | {"event": "service_startup", "timestamp": "2025-09-29T12:07:02.672942", "service": "Service Gateway"}
2025-09-29 12:07:02 | INFO | {"event": "service_shutdown", "timestamp": "2025-09-29T12:07:02.674779", "service": "Service Gateway"}
2025-09-29 12:07:05 | INFO | {"event": "service_startup", "timestamp": "2025-09-29T12:07:05.779690", "service": "Service Gateway"}
2025-09-29 12:07:05 | INFO | {"event": "service_shutdown", "timestamp": "2025-09-29T12:07:05.781566", "service": "Service Gateway"}
2025-09-29 12:07:10 | INFO | {"event": "service_startup", "timestamp": "2025-09-29T12:07:10.878040", "service": "Service Gateway"}
2025-09-29 12:07:10 | INFO | {"event": "service_shutdown", "timestamp": "2025-09-29T12:07:10.880001", "service": "Service Gateway"}
2025-09-29 12:07:19 | INFO | {"event": "service_startup", "timestamp": "2025-09-29T12:07:19.966261", "service": "Service Gateway"}
2025-09-29 12:07:19 | INFO | {"event": "service_shutdown", "timestamp": "2025-09-29T12:07:19.968048", "service": "Service Gateway"}
2025-09-29 12:07:37 | INFO | {"event": "service_startup", "timestamp": "2025-09-29T12:07:37.044623", "service": "Service Gateway"}
2025-09-29 12:07:37 | INFO | {"event": "service_shutdown", "timestamp": "2025-09-29T12:07:37.046391", "service": "Service Gateway"}
2025-09-29 12:08:10 | INFO | {"event": "service_startup", "timestamp": "2025-09-29T12:08:10.132291", "service": "Service Gateway"}
2025-09-29 12:08:10 | INFO | {"event": "service_shutdown", "timestamp": "2025-09-29T12:08:10.134019", "service": "Service Gateway"}
2025-09-29 12:09:15 | INFO | {"event": "service_startup", "timestamp": "2025-09-29T12:09:15.182251", "service": "Service Gateway"}
2025-09-29 12:09:15 | INFO | {"event": "service_shutdown", "timestamp": "2025-09-29T12:09:15.184078", "service": "Service Gateway"}
2025-09-29 12:11:24 | INFO | {"event": "service_startup", "timestamp": "2025-09-29T12:11:24.247374", "service": "Service Gateway"}
2025-09-29 12:11:24 | INFO | {"event": "service_shutdown", "timestamp": "2025-09-29T12:11:24.249095", "service": "Service Gateway"}
2025-09-29 12:15:41 | INFO | {"event": "service_startup", "timestamp": "2025-09-29T12:15:41.324230", "service": "Service Gateway"}
2025-09-29 12:15:41 | INFO | {"event": "service_shutdown", "timestamp": "2025-09-29T12:15:41.325964", "service": "Service Gateway"}
2025-09-29 12:18:41 | INFO | {"event": "service_startup", "timestamp": "2025-09-29T12:18:41.791220", "service": "Service Gateway"}
2025-09-29 12:18:41 | INFO | {"event": "service_shutdown", "timestamp": "2025-09-29T12:18:41.793204", "service": "Service Gateway"}
2025-09-29 12:19:58 | INFO | {"event": "service_startup", "timestamp": "2025-09-29T12:19:58.446829", "service": "Service Gateway"}
2025-09-29 12:19:58 | INFO | {"event": "service_shutdown", "timestamp": "2025-09-29T12:19:58.448567", "service": "Service Gateway"}
2025-09-29 12:20:50 | INFO | {"event": "service_startup", "timestamp": "2025-09-29T12:20:50.939284", "service": "Service Gateway"}
2025-09-29 12:24:15 | INFO | {"event": "service_startup", "timestamp": "2025-09-29T12:24:15.600720", "service": "Service Gateway"}
2025-09-29 12:24:15 | INFO | {"event": "service_shutdown", "timestamp": "2025-09-29T12:24:15.602580", "service": "Service Gateway"}
2025-09-29 12:28:32 | INFO | {"event": "service_startup", "timestamp": "2025-09-29T12:28:32.699800", "service": "Service Gateway"}
2025-09-29 12:28:32 | INFO | {"event": "service_shutdown", "timestamp": "2025-09-29T12:28:32.701592", "service": "Service Gateway"}
2025-09-29 12:32:49 | INFO | {"event": "service_startup", "timestamp": "2025-09-29T12:32:49.780969", "service": "Service Gateway"}
2025-09-29 12:32:49 | INFO | {"event": "service_shutdown", "timestamp": "2025-09-29T12:32:49.782767", "service": "Service Gateway"}
2025-09-29 12:37:07 | INFO | {"event": "service_startup", "timestamp": "2025-09-29T12:37:07.959840", "service": "Service Gateway"}
2025-09-29 12:37:07 | INFO | {"event": "service_shutdown", "timestamp": "2025-09-29T12:37:07.961731", "service": "Service Gateway"}
2025-09-29 12:37:09 | INFO | {"event": "service_startup", "timestamp": "2025-09-29T12:37:09.050807", "service": "Service Gateway"}
2025-09-29 12:37:09 | INFO | {"event": "service_shutdown", "timestamp": "2025-09-29T12:37:09.052566", "service": "Service Gateway"}
2025-09-29 12:37:12 | INFO | {"event": "service_startup", "timestamp": "2025-09-29T12:37:12.149937", "service": "Service Gateway"}
2025-09-29 12:37:12 | INFO | {"event": "service_shutdown", "timestamp": "2025-09-29T12:37:12.151834", "service": "Service Gateway"}
2025-09-29 12:37:17 | INFO | {"event": "service_startup", "timestamp": "2025-09-29T12:37:17.232102", "service": "Service Gateway"}
2025-09-29 12:37:17 | INFO | {"event": "service_shutdown", "timestamp": "2025-09-29T12:37:17.233892", "service": "Service Gateway"}
2025-09-29 12:37:26 | INFO | {"event": "service_startup", "timestamp": "2025-09-29T12:37:26.318383", "service": "Service Gateway"}
2025-09-29 12:37:26 | INFO | {"event": "service_shutdown", "timestamp": "2025-09-29T12:37:26.320084", "service": "Service Gateway"}
2025-09-29 12:37:43 | INFO | {"event": "service_startup", "timestamp": "2025-09-29T12:37:43.437582", "service": "Service Gateway"}
2025-09-29 12:37:43 | INFO | {"event": "service_shutdown", "timestamp": "2025-09-29T12:37:43.439481", "service": "Service Gateway"}
2025-09-29 12:38:16 | INFO | {"event": "service_startup", "timestamp": "2025-09-29T12:38:16.600513", "service": "Service Gateway"}
2025-09-29 12:38:16 | INFO | {"event": "service_shutdown", "timestamp": "2025-09-29T12:38:16.602443", "service": "Service Gateway"}
2025-09-29 12:39:21 | INFO | {"event": "service_startup", "timestamp": "2025-09-29T12:39:21.691008", "service": "Service Gateway"}
2025-09-29 12:39:21 | INFO | {"event": "service_shutdown", "timestamp": "2025-09-29T12:39:21.692981", "service": "Service Gateway"}
2025-09-29 12:41:30 | INFO | {"event": "service_startup", "timestamp": "2025-09-29T12:41:30.771490", "service": "Service Gateway"}
2025-09-29 12:41:30 | INFO | {"event": "service_shutdown", "timestamp": "2025-09-29T12:41:30.773337", "service": "Service Gateway"}
2025-09-29 12:45:47 | INFO | {"event": "service_startup", "timestamp": "2025-09-29T12:45:47.866305", "service": "Service Gateway"}
2025-09-29 12:45:47 | INFO | {"event": "service_shutdown", "timestamp": "2025-09-29T12:45:47.868151", "service": "Service Gateway"}
2025-09-29 12:50:06 | INFO | {"event": "service_startup", "timestamp": "2025-09-29T12:50:06.068528", "service": "Service Gateway"}
2025-09-29 12:50:06 | INFO | {"event": "service_shutdown", "timestamp": "2025-09-29T12:50:06.070377", "service": "Service Gateway"}
2025-09-29 12:50:07 | INFO | {"event": "service_startup", "timestamp": "2025-09-29T12:50:07.129964", "service": "Service Gateway"}
2025-09-29 12:50:07 | INFO | {"event": "service_shutdown", "timestamp": "2025-09-29T12:50:07.132020", "service": "Service Gateway"}
2025-09-29 12:50:10 | INFO | {"event": "service_startup", "timestamp": "2025-09-29T12:50:10.221235", "service": "Service Gateway"}
2025-09-29 12:50:10 | INFO | {"event": "service_shutdown", "timestamp": "2025-09-29T12:50:10.222959", "service": "Service Gateway"}
2025-09-29 12:50:15 | INFO | {"event": "service_startup", "timestamp": "2025-09-29T12:50:15.294057", "service": "Service Gateway"}
2025-09-29 12:50:15 | INFO | {"event": "service_shutdown", "timestamp": "2025-09-29T12:50:15.295904", "service": "Service Gateway"}
2025-09-29 12:50:24 | INFO | {"event": "service_startup", "timestamp": "2025-09-29T12:50:24.368871", "service": "Service Gateway"}
2025-09-29 12:50:24 | INFO | {"event": "service_shutdown", "timestamp": "2025-09-29T12:50:24.370573", "service": "Service Gateway"}
2025-09-29 12:50:41 | INFO | {"event": "service_startup", "timestamp": "2025-09-29T12:50:41.444698", "service": "Service Gateway"}
2025-09-29 12:50:41 | INFO | {"event": "service_shutdown", "timestamp": "2025-09-29T12:50:41.446549", "service": "Service Gateway"}
2025-09-29 12:51:14 | INFO | {"event": "service_startup", "timestamp": "2025-09-29T12:51:14.491036", "service": "Service Gateway"}
2025-09-29 12:51:14 | INFO | {"event": "service_shutdown", "timestamp": "2025-09-29T12:51:14.493147", "service": "Service Gateway"}
2025-09-29 12:52:19 | INFO | {"event": "service_startup", "timestamp": "2025-09-29T12:52:19.568627", "service": "Service Gateway"}
2025-09-29 12:52:19 | INFO | {"event": "service_shutdown", "timestamp": "2025-09-29T12:52:19.570577", "service": "Service Gateway"}
2025-09-29 12:54:28 | INFO | {"event": "service_startup", "timestamp": "2025-09-29T12:54:28.610561", "service": "Service Gateway"}
2025-09-29 12:54:28 | INFO | {"event": "service_shutdown", "timestamp": "2025-09-29T12:54:28.612300", "service": "Service Gateway"}
2025-09-29 12:58:45 | INFO | {"event": "service_startup", "timestamp": "2025-09-29T12:58:45.704580", "service": "Service Gateway"}
2025-09-29 12:58:45 | INFO | {"event": "service_shutdown", "timestamp": "2025-09-29T12:58:45.706277", "service": "Service Gateway"}
2025-09-29 13:03:02 | INFO | {"event": "service_startup", "timestamp": "2025-09-29T13:03:02.777590", "service": "Service Gateway"}
2025-09-29 13:03:02 | INFO | {"event": "service_shutdown", "timestamp": "2025-09-29T13:03:02.779424", "service": "Service Gateway"}
2025-09-29 13:07:19 | INFO | {"event": "service_startup", "timestamp": "2025-09-29T13:07:19.863468", "service": "Service Gateway"}
2025-09-29 13:07:19 | INFO | {"event": "service_shutdown", "timestamp": "2025-09-29T13:07:19.865263", "service": "Service Gateway"}
2025-09-29 13:11:36 | INFO | {"event": "service_startup", "timestamp": "2025-09-29T13:11:36.951548", "service": "Service Gateway"}
2025-09-29 13:11:36 | INFO | {"event": "service_shutdown", "timestamp": "2025-09-29T13:11:36.953307", "service": "Service Gateway"}
2025-09-29 13:15:54 | INFO | {"event": "service_startup", "timestamp": "2025-09-29T13:15:54.025159", "service": "Service Gateway"}
2025-09-29 13:15:54 | INFO | {"event": "service_shutdown", "timestamp": "2025-09-29T13:15:54.027025", "service": "Service Gateway"}
2025-09-29 13:20:12 | INFO | {"event": "service_startup", "timestamp": "2025-09-29T13:20:12.272605", "service": "Service Gateway"}
2025-09-29 13:20:12 | INFO | {"event": "service_shutdown", "timestamp": "2025-09-29T13:20:12.274396", "service": "Service Gateway"}
2025-09-29 13:20:13 | INFO | {"event": "service_startup", "timestamp": "2025-09-29T13:20:13.432145", "service": "Service Gateway"}
2025-09-29 13:20:13 | INFO | {"event": "service_shutdown", "timestamp": "2025-09-29T13:20:13.434070", "service": "Service Gateway"}
2025-09-29 13:20:16 | INFO | {"event": "service_startup", "timestamp": "2025-09-29T13:20:16.497465", "service": "Service Gateway"}
2025-09-29 13:20:16 | INFO | {"event": "service_shutdown", "timestamp": "2025-09-29T13:20:16.499257", "service": "Service Gateway"}
2025-09-29 13:20:21 | INFO | {"event": "service_startup", "timestamp": "2025-09-29T13:20:21.544724", "service": "Service Gateway"}
2025-09-29 13:20:21 | INFO | {"event": "service_shutdown", "timestamp": "2025-09-29T13:20:21.546516", "service": "Service Gateway"}
2025-09-29 13:20:30 | INFO | {"event": "service_startup", "timestamp": "2025-09-29T13:20:30.593333", "service": "Service Gateway"}
2025-09-29 13:20:30 | INFO | {"event": "service_shutdown", "timestamp": "2025-09-29T13:20:30.595168", "service": "Service Gateway"}
2025-09-29 13:20:47 | INFO | {"event": "service_startup", "timestamp": "2025-09-29T13:20:47.646703", "service": "Service Gateway"}
2025-09-29 13:20:47 | INFO | {"event": "service_shutdown", "timestamp": "2025-09-29T13:20:47.648453", "service": "Service Gateway"}
2025-09-29 13:21:20 | INFO | {"event": "service_startup", "timestamp": "2025-09-29T13:21:20.719688", "service": "Service Gateway"}
2025-09-29 13:21:20 | INFO | {"event": "service_shutdown", "timestamp": "2025-09-29T13:21:20.721538", "service": "Service Gateway"}
2025-09-29 13:22:25 | INFO | {"event": "service_startup", "timestamp": "2025-09-29T13:22:25.789146", "service": "Service Gateway"}
2025-09-29 13:22:25 | INFO | {"event": "service_shutdown", "timestamp": "2025-09-29T13:22:25.790945", "service": "Service Gateway"}
2025-09-29 13:24:34 | INFO | {"event": "service_startup", "timestamp": "2025-09-29T13:24:34.862538", "service": "Service Gateway"}
2025-09-29 13:24:34 | INFO | {"event": "service_shutdown", "timestamp": "2025-09-29T13:24:34.864337", "service": "Service Gateway"}
2025-09-29 13:28:51 | INFO | {"event": "service_startup", "timestamp": "2025-09-29T13:28:51.941682", "service": "Service Gateway"}
2025-09-29 13:28:51 | INFO | {"event": "service_shutdown", "timestamp": "2025-09-29T13:28:51.943567", "service": "Service Gateway"}
2025-09-29 13:33:09 | INFO | {"event": "service_startup", "timestamp": "2025-09-29T13:33:09.048999", "service": "Service Gateway"}
2025-09-29 13:33:09 | INFO | {"event": "service_shutdown", "timestamp": "2025-09-29T13:33:09.050816", "service": "Service Gateway"}
2025-09-29 13:37:27 | INFO | {"event": "service_startup", "timestamp": "2025-09-29T13:37:27.288943", "service": "Service Gateway"}
2025-09-29 13:37:27 | INFO | {"event": "service_shutdown", "timestamp": "2025-09-29T13:37:27.290688", "service": "Service Gateway"}
2025-09-29 13:37:28 | INFO | {"event": "service_startup", "timestamp": "2025-09-29T13:37:28.347586", "service": "Service Gateway"}
2025-09-29 13:37:28 | INFO | {"event": "service_shutdown", "timestamp": "2025-09-29T13:37:28.349652", "service": "Service Gateway"}
2025-09-29 13:37:31 | INFO | {"event": "service_startup", "timestamp": "2025-09-29T13:37:31.427397", "service": "Service Gateway"}
2025-09-29 13:37:31 | INFO | {"event": "service_shutdown", "timestamp": "2025-09-29T13:37:31.429133", "service": "Service Gateway"}
2025-09-29 13:37:36 | INFO | {"event": "service_startup", "timestamp": "2025-09-29T13:37:36.519313", "service": "Service Gateway"}
2025-09-29 13:37:36 | INFO | {"event": "service_shutdown", "timestamp": "2025-09-29T13:37:36.521208", "service": "Service Gateway"}
2025-09-29 13:37:45 | INFO | {"event": "service_startup", "timestamp": "2025-09-29T13:37:45.615999", "service": "Service Gateway"}
2025-09-29 13:37:45 | INFO | {"event": "service_shutdown", "timestamp": "2025-09-29T13:37:45.617758", "service": "Service Gateway"}
2025-09-29 13:38:02 | INFO | {"event": "service_startup", "timestamp": "2025-09-29T13:38:02.710132", "service": "Service Gateway"}
2025-09-29 13:38:02 | INFO | {"event": "service_shutdown", "timestamp": "2025-09-29T13:38:02.712053", "service": "Service Gateway"}
2025-09-29 13:38:35 | INFO | {"event": "service_startup", "timestamp": "2025-09-29T13:38:35.787117", "service": "Service Gateway"}
2025-09-29 13:38:35 | INFO | {"event": "service_shutdown", "timestamp": "2025-09-29T13:38:35.788821", "service": "Service Gateway"}
2025-09-29 13:39:40 | INFO | {"event": "service_startup", "timestamp": "2025-09-29T13:39:40.886118", "service": "Service Gateway"}
2025-09-29 13:39:40 | INFO | {"event": "service_shutdown", "timestamp": "2025-09-29T13:39:40.887950", "service": "Service Gateway"}
2025-09-29 13:39:58 | INFO | {"event": "service_shutdown", "timestamp": "2025-09-29T13:39:58.453537", "service": "Service Gateway"}
2025-09-29 13:41:49 | INFO | {"event": "service_startup", "timestamp": "2025-09-29T13:41:49.952065", "service": "Service Gateway"}
2025-09-29 13:42:02 | INFO | {"event": "service_startup", "timestamp": "2025-09-29T13:42:02.563255", "service": "Service Gateway"}
2025-09-29 13:42:02 | INFO | {"event": "service_shutdown", "timestamp": "2025-09-29T13:42:02.565364", "service": "Service Gateway"}
2025-09-29 13:43:33 | INFO | {"event": "service_startup", "timestamp": "2025-09-29T13:43:33.033109", "service": "Service Gateway"}
2025-09-29 13:43:33 | INFO | {"event": "service_shutdown", "timestamp": "2025-09-29T13:43:33.034940", "service": "Service Gateway"}
2025-09-29 14:37:34 | INFO | {"event": "service_startup", "timestamp": "2025-09-29T14:37:34.183346", "service": "Service Gateway"}
2025-09-29 14:37:34 | INFO | {"event": "service_shutdown", "timestamp": "2025-09-29T14:37:34.185330", "service": "Service Gateway"}
2025-09-29 14:39:35 | INFO | {"event": "service_startup", "timestamp": "2025-09-29T14:39:35.845497", "service": "Service Gateway"}
2025-09-29 14:39:35 | INFO | {"event": "service_shutdown", "timestamp": "2025-09-29T14:39:35.847370", "service": "Service Gateway"}
2025-09-29 14:40:51 | INFO | {"event": "service_startup", "timestamp": "2025-09-29T14:40:51.666009", "service": "Service Gateway"}
2025-09-29 14:41:29 | INFO | {"event": "service_startup", "timestamp": "2025-09-29T14:41:29.684240", "service": "Service Gateway"}
2025-09-29 14:41:29 | INFO | {"event": "service_shutdown", "timestamp": "2025-09-29T14:41:29.686937", "service": "Service Gateway"}
2025-09-29 14:43:01 | INFO | {"event": "service_shutdown", "timestamp": "2025-09-29T14:43:01.307540", "service": "Service Gateway"}
2025-09-29 14:46:21 | INFO | {"event": "service_startup", "timestamp": "2025-09-29T14:46:21.270245", "service": "Service Gateway"}
2025-09-29 14:53:00 | INFO | {"event": "service_shutdown", "timestamp": "2025-09-29T14:53:00.576733", "service": "Service Gateway"}
2025-09-29 15:07:51 | INFO | {"event": "service_startup", "timestamp": "2025-09-29T15:07:51.062733", "service": "Service Gateway"}
2025-09-29 15:19:36 | INFO | {"event": "service_startup", "timestamp": "2025-09-29T15:19:36.950800", "service": "Service Gateway"}
2025-09-29 15:19:36 | INFO | {"event": "service_shutdown", "timestamp": "2025-09-29T15:19:36.953159", "service": "Service Gateway"}
2025-09-29 15:24:50 | INFO | {"event": "service_startup", "timestamp": "2025-09-29T15:24:50.686773", "service": "Service Gateway"}
2025-09-29 15:24:50 | INFO | {"event": "service_shutdown", "timestamp": "2025-09-29T15:24:50.688647", "service": "Service Gateway"}
2025-09-29 15:25:37 | INFO | {"event": "service_shutdown", "timestamp": "2025-09-29T15:25:37.919973", "service": "Service Gateway"}
2025-09-29 15:25:49 | INFO | {"event": "service_startup", "timestamp": "2025-09-29T15:25:49.922309", "service": "Service Gateway"}
2025-09-30 13:14:04 | INFO | {"request_id": "test-002", "timestamp": "2025-09-30T13:14:04.348731", "operation_type": "dynamic_query", "table_name": "custom", "query": "SELECT KHKNR, KHFKN FROM DCPO.KHKNDHUR WHERE KHKNR = ### FETCH FIRST 10 ROWS ONLY", "execution_time_ms": 13.90838623046875, "row_count": 1, "success": true, "error": null}
2025-09-30 13:17:26 | INFO | {"event": "service_shutdown", "timestamp": "2025-09-30T13:17:26.051671", "service": "Service Gateway"}
2025-09-30 13:17:31 | INFO | {"event": "service_startup", "timestamp": "2025-09-30T13:17:31.986961", "service": "Service Gateway"}
2025-09-30 13:19:33 | INFO | {"request_id": "88888372-0efa-41f1-8af2-1578744848ad", "timestamp": "2025-09-30T13:19:33.860064", "operation_type": "dynamic_query", "table_name": "customer_lookup", "query": "SELECT KHKNR, KHFKN, KHTEL FROM DCPO.KHKNDHUR WHERE KHKNR = ### FETCH FIRST 10 ROWS ONLY", "execution_time_ms": 9.778976440429688, "row_count": 1, "success": true, "error": null}
2025-09-30 13:19:57 | INFO | {"request_id": "eafb52ba-ec9d-44b6-b4d6-54543155eb7e", "timestamp": "2025-09-30T13:19:57.015378", "operation_type": "dynamic_query", "table_name": "custom", "query": "SELECT KHKNR, KHFKN FROM DCPO.KHKNDHUR WHERE UPPER(KHFKN) LIKE '%AMILA%' AND KHSTS= '***' FETCH FIRST 50 ROWS ONLY", "execution_time_ms": 68.02940368652344, "row_count": 2, "success": true, "error": null}
2025-09-30 13:22:04 | INFO | {"request_id": "0bf094e1-df93-43ca-9a07-9134b7a8fa05", "timestamp": "2025-09-30T13:22:04.827466", "operation_type": "dynamic_query", "table_name": "custom", "query": "SELECT KHKNR, KHFKN FROM DCPO.KHKNDHUR WHERE KHKNR = ### FETCH FIRST 10 ROWS ONLY", "execution_time_ms": 4.059791564941406, "row_count": 1, "success": true, "error": null}
2025-09-30 13:22:05 | INFO | {"request_id": "a1b89c12-9d9e-4ecb-b888-04ab8a79dc8e", "timestamp": "2025-09-30T13:22:05.011199", "operation_type": "dynamic_query", "table_name": "custom", "query": "SELECT KHKNR, KHFKN FROM DCPO.KHKNDHUR WHERE UPPER(KHFKN) LIKE '%AMILA%' AND KHSTS= '***' FETCH FIRST 50 ROWS ONLY", "execution_time_ms": 66.64252281188965, "row_count": 2, "success": true, "error": null}
2025-09-30 13:36:24 | INFO | {"event": "service_shutdown", "timestamp": "2025-09-30T13:36:24.036925", "service": "Service Gateway"}
2025-09-30 13:36:32 | INFO | {"event": "service_startup", "timestamp": "2025-09-30T13:36:32.250946", "service": "Service Gateway"}
2025-09-30 13:36:55 | INFO | {"request_id": "7c95f33b-4675-495c-ac51-e288d2c76055", "timestamp": "2025-09-30T13:36:55.321671", "operation_type": "dynamic_query", "table_name": "custom", "query": "SELECT KHKNR, KHFKN FROM DCPO.KHKNDHUR WHERE KHKNR = ### FETCH FIRST 10 ROWS ONLY", "execution_time_ms": 8.779287338256836, "row_count": 1, "success": true, "error": null}
2025-09-30 13:36:55 | INFO | {"request_id": "d168e012-538e-47d9-a814-d3ed32a7d2cc", "timestamp": "2025-09-30T13:36:55.487125", "operation_type": "dynamic_query", "table_name": "custom", "query": "SELECT KHKNR, KHFKN FROM DCPO.KHKNDHUR WHERE UPPER(KHFKN) LIKE '%AMILA%' AND KHSTS= '***' FETCH FIRST 50 ROWS ONLY", "execution_time_ms": 37.775278091430664, "row_count": 2, "success": true, "error": null}
2025-09-30 13:43:29 | INFO | {"event": "service_shutdown", "timestamp": "2025-09-30T13:43:29.992290", "service": "Service Gateway"}
2025-09-30 13:43:34 | INFO | {"event": "service_startup", "timestamp": "2025-09-30T13:43:34.587821", "service": "Service Gateway"}
2025-09-30 13:48:43 | INFO | {"event": "service_shutdown", "timestamp": "2025-09-30T13:48:43.271552", "service": "Service Gateway"}
2025-09-30 13:48:47 | INFO | {"event": "service_startup", "timestamp": "2025-09-30T13:48:47.904981", "service": "Service Gateway"}
2025-09-30 13:57:20 | INFO | {"event": "service_shutdown", "timestamp": "2025-09-30T13:57:20.425908", "service": "Service Gateway"}
2025-09-30 13:57:25 | INFO | {"event": "service_startup", "timestamp": "2025-09-30T13:57:25.270631", "service": "Service Gateway"}
2025-09-30 14:12:42 | INFO | {"request_id": "08c88b25-68dd-4b7f-8a91-4900ffa78a28", "timestamp": "2025-09-30T14:12:42.345390", "operation_type": "dynamic_query", "table_name": "customer_lookup", "query": "SELECT KHKNR, KHFKN, KHTEL FROM DCPO.KHKNDHUR WHERE KHKNR = ### FETCH FIRST 10 ROWS ONLY", "execution_time_ms": 10.79702377319336, "row_count": 1, "success": true, "error": null}
2025-09-30 14:12:42 | INFO | {"request_id": "ccc617ef-6616-43c7-8104-9488811b062f", "timestamp": "2025-09-30T14:12:42.493760", "operation_type": "dynamic_query", "table_name": "custom", "query": "SELECT \n                            K.KHKNR, \n                            K.KHFKN, \n                            O.OHONR, \n                            O.OHDA\u00d6 \n                        FROM DCPO.KHKNDHUR K \n                        JOIN DCPO.OHKORDHR O ON K.KHKNR = O.OHKNR \n                        WHERE K.KHKNR = ### FETCH FIRST 5 ROWS ONLY", "execution_time_ms": 38.06805610656738, "row_count": 5, "success": true, "error": null}
2025-09-30 14:26:42 | INFO | {"request_id": "36242b95-4f33-4f13-88ae-1c9ccab5d83f", "timestamp": "2025-09-30T14:26:42.945290", "operation_type": "dynamic_query", "table_name": "customer_search", "query": "SELECT KHKNR, KHFKN, KHFA1, KHFA2, KHFA3, KHFA4 FROM DCPO.KHKNDHUR WHERE KHSTS= '***' AND KHKNR= ### FETCH FIRST 1 ROWS ONLY", "execution_time_ms": 16.688108444213867, "row_count": 1, "success": true, "error": null}
2025-09-30 14:28:45 | INFO | {"request_id": "9b1c0b23-8ec3-4a84-a0af-1255a6ab72f7", "timestamp": "2025-09-30T14:28:45.786121", "operation_type": "dynamic_query", "table_name": "order_lookup", "query": "SELECT OHONR, OHKNR, OHDAO, OHVAL FROM DCPO.OHKORDHR ORDER BY OHDAO DESC FETCH FIRST 3 ROWS ONLY", "execution_time_ms": 23.023128509521484, "row_count": 3, "success": true, "error": null}
2025-09-30 14:32:08 | INFO | {"request_id": "261e78fa-1931-4714-9577-89f35d8a3f61", "timestamp": "2025-09-30T14:32:08.189635", "operation_type": "dynamic_query", "table_name": "customer_search", "query": "SELECT KHKNR, KHFKN, KHFA1, KHFA2, KHFA3, KHFA4 FROM DCPO.KHKNDHUR WHERE KHSTS= '***' AND KHFA1 LIKE '%STOCKHOLM%' FETCH FIRST 5 ROWS ONLY", "execution_time_ms": 45.130252838134766, "row_count": 0, "success": true, "error": null}
2025-09-30 14:35:04 | INFO | {"request_id": "76046d87-52b4-425f-9cf2-2666c7967b29", "timestamp": "2025-09-30T14:35:04.534340", "operation_type": "dynamic_query", "table_name": "customer_search", "query": "SELECT KHKNR, KHFKN, KHFA1, KHFA2, KHFA3, KHFA4 FROM DCPO.KHKNDHUR WHERE KHSTS= '***' AND (UPPER(KHFA3) LIKE '%STOCKHOLM%' OR UPPER(KHFA4) LIKE '%STOCKHOLM%') FETCH FIRST 5 ROWS ONLY", "execution_time_ms": 21.53778076171875, "row_count": 5, "success": true, "error": null}
2025-09-30 15:34:18 | INFO | {"request_id": "fe6b7b83-b6d2-4814-b0bf-223b57b9260a", "timestamp": "2025-09-30T15:34:18.694519", "operation_type": "dynamic_query", "table_name": "invoice_lookup", "query": "SELECT KRFNR, KRKNR, KRDAF, KRBLF FROM DCPO.KRKFAKTR ORDER BY KRDAF DESC FETCH FIRST 1 ROW ONLY", "execution_time_ms": 156.44454956054688, "row_count": 1, "success": true, "error": null}
2025-09-30 15:37:16 | INFO | {"request_id": "c622327d-056d-45c5-90e6-f538afd9abf4", "timestamp": "2025-09-30T15:37:16.445917", "operation_type": "dynamic_query", "table_name": "customer_order_lookup", "query": "SELECT K.KHKNR AS CustomerNumber, K.KHFKN AS CustomerName, O.OHONR AS OrderNumber, O.OHDA\u00d6 AS OrderDate FROM DCPO.KHKNDHUR K JOIN DCPO.OHKORDHR O ON K.KHKNR = O.OHKNR WHERE K.KHSTS= '***' FETCH FIRST 100 ROWS ONLY", "execution_time_ms": 34.93237495422363, "row_count": 100, "success": true, "error": null}
2025-09-30 15:59:13 | INFO | {"request_id": "9941b7ff-2d59-4241-bb79-c649e9776480", "timestamp": "2025-09-30T15:59:13.794435", "operation_type": "dynamic_query", "table_name": "order_value_calculation", "query": "SELECT SUM(OHBLO) AS total_order_value FROM DCPO.OHKORDHR FETCH FIRST 50 ROWS ONLY", "execution_time_ms": 10989.604473114014, "row_count": 1, "success": true, "error": null}
2025-09-30 16:05:56 | INFO | {"request_id": "75517b9b-9fcf-4d58-873a-153f3c3d38e7", "timestamp": "2025-09-30T16:05:56.034072", "operation_type": "dynamic_query", "table_name": "diagnostic", "query": "SELECT 1 FROM DCPO.OHKORDHR FETCH FIRST 1 ROWS ONLY", "execution_time_ms": 16.465425491333008, "row_count": 1, "success": true, "error": null}
2025-09-30 16:07:44 | INFO | {"request_id": "64c57725-915e-4b91-8351-a03b3b1e2f89", "timestamp": "2025-09-30T16:07:44.258685", "operation_type": "dynamic_query", "table_name": "customer_lookup", "query": "SELECT * FROM DCPO.KHKNDHUR WHERE KHSTS= '***' AND KHKNR = ### FETCH FIRST 1 ROW ONLY", "execution_time_ms": 27.391433715820312, "row_count": 1, "success": true, "error": null}
2025-09-30 16:38:10 | INFO | {"request_id": "68bdb569-f85f-44b9-93b8-b764b19f9ab7", "timestamp": "2025-09-30T16:38:10.053163", "operation_type": "dynamic_query", "table_name": "today_orders_summary", "query": "SELECT OHONR, OHKNR, OHDA\u00d6, OHVAL FROM DCPO.OHKORDHR WHERE OHDA\u00d6 = DATE_FORMAT(CURRENT_DATE, '%Y%m%d') FETCH FIRST 50 ROWS ONLY", "execution_time_ms": 9.078025817871094, "row_count": 0, "success": false, "error": "('42S02', '[42S02] [IBM][System i Access ODBC Driver][DB2 for i5/OS]SQL0204 - DATE_FORMAT in *LIBL type *N not found. (-204) (SQLExecDirectW)')"}
2025-09-30 16:38:11 | INFO | {"request_id": "ea3e1206-14e8-4f58-acb3-89b56188e2dd", "timestamp": "2025-09-30T16:38:11.831214", "operation_type": "dynamic_query", "table_name": "today_orders_summary", "query": "SELECT OHONR, OHKNR, OHDA\u00d6, OHVAL FROM DCPO.OHKORDHR WHERE OHDA\u00d6 = CURRENT_DATE FETCH FIRST 50 ROWS ONLY", "execution_time_ms": 139.25957679748535, "row_count": 0, "success": false, "error": "('HY000', '[HY000] [IBM][System i Access ODBC Driver][DB2 for i5/OS]SQL0401 - Comparison operator = operands not compatible. (-401) (SQLExecDirectW)')"}
2025-09-30 16:38:13 | INFO | {"request_id": "5a3f260b-3db2-4516-be57-5494713c3c8e", "timestamp": "2025-09-30T16:38:13.609863", "operation_type": "dynamic_query", "table_name": "today_orders_summary", "query": "SELECT OHONR, OHKNR, OHDA\u00d6, OHVAL FROM DCPO.OHKORDHR WHERE OHDA\u00d6 = CAST(CURRENT_DATE AS CHAR(8)) FETCH FIRST 50 ROWS ONLY", "execution_time_ms": 3.3860206604003906, "row_count": 0, "success": false, "error": "('HY000', '[HY000] [IBM][System i Access ODBC Driver][DB2 for i5/OS]SQL0461 - CAST from DATE to CHARACTER not supported. (-461) (SQLExecDirectW)')"}
2025-09-30 16:38:15 | INFO | {"request_id": "a7eeafcc-d80c-41d1-8762-f5b442188b8b", "timestamp": "2025-09-30T16:38:15.249379", "operation_type": "dynamic_query", "table_name": "today_orders_summary", "query": "SELECT OHONR, OHKNR, OHDA\u00d6, OHVAL FROM DCPO.OHKORDHR WHERE OHDA\u00d6 = CAST(DATE_FORMAT(CURRENT_DATE, '%Y%m%d') AS CHAR(8)) FETCH FIRST 50 ROWS ONLY", "execution_time_ms": 7.439613342285156, "row_count": 0, "success": false, "error": "('42S02', '[42S02] [IBM][System i Access ODBC Driver][DB2 for i5/OS]SQL0204 - DATE_FORMAT in *LIBL type *N not found. (-204) (SQLExecDirectW)')"}
2025-09-30 16:38:16 | INFO | {"request_id": "c4a64ef0-957f-470f-8ba9-0c29a7b29926", "timestamp": "2025-09-30T16:38:16.868118", "operation_type": "dynamic_query", "table_name": "today_orders_summary", "query": "SELECT OHONR, OHKNR, OHDA\u00d6, OHVAL FROM DCPO.OHKORDHR WHERE OHDA\u00d6 = CURRENT DATE FETCH FIRST 50 ROWS ONLY", "execution_time_ms": 3.628253936767578, "row_count": 0, "success": false, "error": "('HY000', '[HY000] [IBM][System i Access ODBC Driver][DB2 for i5/OS]SQL0401 - Comparison operator = operands not compatible. (-401) (SQLExecDirectW)')"}
2025-09-30 16:43:07 | INFO | {"request_id": "6ee93fae-abac-41df-a7bf-6ad018db4d5c", "timestamp": "2025-09-30T16:43:07.058699", "operation_type": "dynamic_query", "table_name": "latest_orders", "query": "SELECT OHONR, OHKNR, OHDA\u00d6, OHVAL FROM DCPO.OHKORDHR WHERE OHDA\u00d6 >= ### ORDER BY OHDA\u00d6 DESC FETCH FIRST 5 ROWS ONLY", "execution_time_ms": 3639.000177383423, "row_count": 5, "success": true, "error": null}
2025-09-30 16:43:45 | INFO | {"request_id": "ff51dfd9-cfbe-4492-905b-a0ac551a4c47", "timestamp": "2025-09-30T16:43:45.852214", "operation_type": "dynamic_query", "table_name": "custom", "query": "SELECT OHONR, OHKNR, OHDA\u00d6, OHVAL FROM DCPO.OHKORDHR ORDER BY OHDA\u00d6 DESC FETCH FIRST 5 ROWS ONLY", "execution_time_ms": 7418.852806091309, "row_count": 5, "success": true, "error": null}
2025-09-30 16:44:03 | INFO | {"request_id": "755df397-b992-4174-b5ba-228cad9b8ef1", "timestamp": "2025-09-30T16:44:03.131290", "operation_type": "dynamic_query", "table_name": "custom", "query": "SELECT OH.ONR, OH.KNR, KH.KHFKN FROM DCPO.OHKORDHR OH JOIN DCPO.KHKNDHUR KH ON OH.KHKNR = KH.KHKNR WHERE OH.OHDA\u00d6 >= ### ORDER BY OH.OHDA\u00d6 DESC FETCH FIRST 5 ROWS ONLY", "execution_time_ms": 3.2105445861816406, "row_count": 0, "success": false, "error": "('42S22', '[42S22] [IBM][System i Access ODBC Driver][DB2 for i5/OS]SQL0205 - Column KNR not in table OHKORDHR in DCPO. (-205) (SQLExecDirectW)')"}
2025-09-30 16:44:05 | INFO | {"request_id": "1f5ca351-177b-4b38-9e2c-61eadd08e2f8", "timestamp": "2025-09-30T16:44:05.827262", "operation_type": "dynamic_query", "table_name": "custom", "query": "SELECT OH.ONR, OH.KHKNR, KH.KHFKN FROM DCPO.OHKORDHR OH JOIN DCPO.KHKNDHUR KH ON OH.OHKNR = KH.KHKNR WHERE OH.OHDA\u00d6 >= ### ORDER BY OH.OHDA\u00d6 DESC FETCH FIRST 5 ROWS ONLY", "execution_time_ms": 136.23380661010742, "row_count": 0, "success": false, "error": "('42S22', '[42S22] [IBM][System i Access ODBC Driver][DB2 for i5/OS]SQL0205 - Column KHKNR not in table OHKORDHR in DCPO. (-205) (SQLExecDirectW)')"}
2025-09-30 16:44:08 | INFO | {"request_id": "5b07c1b7-4ccb-4cf0-8398-cb1a5ea756aa", "timestamp": "2025-09-30T16:44:08.159867", "operation_type": "dynamic_query", "table_name": "custom", "query": "SELECT OH.ONR, OH.OHKNR, KH.KHFKN FROM DCPO.OHKORDHR OH JOIN DCPO.KHKNDHUR KH ON OH.OHKNR = KH.KHKNR WHERE OH.OHDA\u00d6 >= ### ORDER BY OH.OHDA\u00d6 DESC FETCH FIRST 5 ROWS ONLY", "execution_time_ms": 3.4596920013427734, "row_count": 0, "success": false, "error": "('42S22', '[42S22] [IBM][System i Access ODBC Driver][DB2 for i5/OS]SQL0205 - Column ONR not in table OHKORDHR in DCPO. (-205) (SQLExecDirectW)')"}
2025-09-30 16:44:10 | INFO | {"request_id": "1f13eb2a-83d4-4eb6-8127-27a70fff923f", "timestamp": "2025-09-30T16:44:10.861058", "operation_type": "dynamic_query", "table_name": "custom", "query": "SELECT OH.ONR, OH.OHKNR, KH.KHFKN FROM DCPO.OHKORDHR OH JOIN DCPO.KHKNDHUR KH ON OH.OHKNR = KH.KHKNR WHERE OH.OHDA\u00d6 >= ### ORDER BY OH.OHDA\u00d6 DESC FETCH FIRST 5 ROWS ONLY", "execution_time_ms": 3.4220218658447266, "row_count": 0, "success": false, "error": "('42S22', '[42S22] [IBM][System i Access ODBC Driver][DB2 for i5/OS]SQL0205 - Column ONR not in table OHKORDHR in DCPO. (-205) (SQLExecDirectW)')"}
2025-09-30 16:44:16 | INFO | {"request_id": "3cab0f96-8197-4e04-8ca5-3ba32b94c978", "timestamp": "2025-09-30T16:44:16.935400", "operation_type": "dynamic_query", "table_name": "custom", "query": "SELECT OH.OHONR, OH.OHKNR, KH.KHFKN FROM DCPO.OHKORDHR OH JOIN DCPO.KHKNDHUR KH ON OH.OHKNR = KH.KHKNR WHERE OH.OHDA\u00d6 >= ### ORDER BY OH.OHDA\u00d6 DESC FETCH FIRST 5 ROWS ONLY", "execution_time_ms": 4045.2444553375244, "row_count": 5, "success": true, "error": null}
2025-09-30 16:46:02 | INFO | {"request_id": "b66d69ce-03bd-4fd8-90d3-8a25fce3dcfb", "timestamp": "2025-09-30T16:46:02.265740", "operation_type": "dynamic_query", "table_name": "order_lookup", "query": "SELECT OHONR, OHKNR, OHDA\u00d6, OHVAL FROM DCPO.OHKORDHR WHERE OHDA\u00d6 >= ### ORDER BY OHDA\u00d6 DESC FETCH FIRST 50 ROWS ONLY", "execution_time_ms": 3227.0069122314453, "row_count": 50, "success": true, "error": null}
2025-09-30 16:46:50 | INFO | {"request_id": "b4196cf9-5952-4aec-9036-96fcacc65e15", "timestamp": "2025-09-30T16:46:50.491240", "operation_type": "dynamic_query", "table_name": "order_lookup", "query": "SELECT OHONR, KHFKN FROM DCPO.OHKORDHR JOIN DCPO.KHKNDHUR ON OHKNR = KHKNR WHERE OHDA\u00d6 >= ### ORDER BY OHDA\u00d6 DESC FETCH FIRST 10 ROWS ONLY", "execution_time_ms": 3359.4589233398438, "row_count": 10, "success": true, "error": null}
2025-09-30 16:47:41 | INFO | {"request_id": "dd323c45-acd4-464d-ae16-f36574fdab47", "timestamp": "2025-09-30T16:47:41.092002", "operation_type": "dynamic_query", "table_name": "invoice_lookup", "query": "SELECT KRKNR, KRFNR, KRBLF, KRDAF FROM DCPO.KRKFAKTR WHERE KRFNR = ### FETCH FIRST 50 ROWS ONLY", "execution_time_ms": 12.614250183105469, "row_count": 1, "success": true, "error": null}
2025-09-30 18:38:59 | INFO | {"request_id": "598b90ca-a3f8-458a-be7b-13ba2190b4e6", "timestamp": "2025-09-30T18:38:59.154047", "operation_type": "dynamic_query", "table_name": "invoice_lookup", "query": "SELECT KRFNR FROM DCPO.KRKFAKTR WHERE KRFNR LIKE '6%' ORDER BY KRDAF DESC FETCH FIRST 1 ROW ONLY", "execution_time_ms": 469.8359966278076, "row_count": 1, "success": true, "error": null}
2025-09-30 18:39:27 | INFO | {"request_id": "71deb82e-7a86-48c2-9bb3-ecfd3cbca806", "timestamp": "2025-09-30T18:39:27.018305", "operation_type": "dynamic_query", "table_name": "invoice_lookup", "query": "SELECT KRFNR FROM DCPO.KRKFAKTR WHERE KRFNR LIKE '5%' ORDER BY KRFNR DESC FETCH FIRST 1 ROW ONLY", "execution_time_ms": 6994.990825653076, "row_count": 1, "success": true, "error": null}
2025-09-30 18:39:48 | INFO | {"request_id": "2931800f-5ebc-48e3-a4e4-28f6348f6ff2", "timestamp": "2025-09-30T18:39:48.327210", "operation_type": "dynamic_query", "table_name": "invoice_lookup", "query": "SELECT KRFNR, KRDAF, KRBLF FROM DCPO.KRKFAKTR ORDER BY KRDAF DESC FETCH FIRST 1 ROW ONLY", "execution_time_ms": 28.504133224487305, "row_count": 1, "success": true, "error": null}
2025-09-30 18:40:18 | INFO | {"request_id": "9412efad-eb7e-4e18-b7e5-79317a07288e", "timestamp": "2025-09-30T18:40:18.972112", "operation_type": "dynamic_query", "table_name": "customer_search", "query": "SELECT KHKNR, KHFKN FROM DCPO.KHKNDHUR WHERE KHSTS= '***' AND UPPER(KHFKN) LIKE '%AMILA%' FETCH FIRST 50 ROWS ONLY", "execution_time_ms": 149.9786376953125, "row_count": 2, "success": true, "error": null}
2025-09-30 18:40:47 | INFO | {"request_id": "48db6f73-7565-429f-bfc6-e9f55e8cc0ac", "timestamp": "2025-09-30T18:40:47.272772", "operation_type": "dynamic_query", "table_name": "customer_search", "query": "SELECT KHKNR, KHFKN FROM DCPO.KHKNDHUR WHERE KHSTS= '***' AND UPPER(KHFKN) = '***' FETCH FIRST 50 ROWS ONLY", "execution_time_ms": 42.92774200439453, "row_count": 0, "success": true, "error": null}
2025-09-30 18:41:03 | INFO | {"request_id": "0d995c9f-3d88-4ead-b85f-87b0a1928ad6", "timestamp": "2025-09-30T18:41:03.925545", "operation_type": "dynamic_query", "table_name": "customer_search", "query": "SELECT KHKNR, KHFKN FROM DCPO.KHKNDHUR WHERE KHSTS= '***' AND UPPER(KHFKN) LIKE 'AMILA%' FETCH FIRST 50 ROWS ONLY", "execution_time_ms": 94.12503242492676, "row_count": 1, "success": true, "error": null}
2025-09-30 18:41:21 | INFO | {"request_id": "f10bcac4-b116-45b4-aad0-9ad1cdbab4cc", "timestamp": "2025-09-30T18:41:21.103120", "operation_type": "dynamic_query", "table_name": "customer_search", "query": "SELECT KHKNR, KHFKN, KHFA1, KHFA2, KHFA3, KHFA4, KHTEL FROM DCPO.KHKNDHUR WHERE KHSTS= '***' AND KHFKN LIKE 'Amila %' FETCH FIRST 50 ROWS ONLY", "execution_time_ms": 35.71462631225586, "row_count": 1, "success": true, "error": null}
2025-09-30 18:41:42 | INFO | {"request_id": "0fd6f22d-162e-4abf-bf18-743beab5a97b", "timestamp": "2025-09-30T18:41:42.465587", "operation_type": "dynamic_query", "table_name": "customer_search", "query": "SELECT KHKNR, KHFKN, KHFA1, KHFA2, KHFA3, KHFA4, KHTEL FROM DCPO.KHKNDHUR WHERE KHSTS= '***' AND KHFKN LIKE 'Amila%' FETCH FIRST 50 ROWS ONLY", "execution_time_ms": 18.41878890991211, "row_count": 1, "success": true, "error": null}
2025-09-30 18:42:10 | INFO | {"request_id": "b047a84a-82a7-4c81-a136-1bbe595ae99f", "timestamp": "2025-09-30T18:42:10.485968", "operation_type": "dynamic_query", "table_name": "customer_search", "query": "SELECT KHKNR, KHFKN, KHFA1, KHFA2, KHFA3, KHFA4, KHTEL FROM DCPO.KHKNDHUR WHERE KHSTS= '***' AND KHFA4 LIKE '%BORL\u00c4NGE%' FETCH FIRST 50 ROWS ONLY", "execution_time_ms": 35.38012504577637, "row_count": 50, "success": true, "error": null}
2025-09-30 18:43:01 | INFO | {"request_id": "442b5a42-8a32-4581-954b-45d9898ccd7d", "timestamp": "2025-09-30T18:43:01.528792", "operation_type": "dynamic_query", "table_name": "customer_search", "query": "SELECT KHKNR, KHFKN, KHFA1, KHFA2, KHFA3, KHFA4, KHTEL FROM DCPO.KHKNDHUR WHERE KHSTS= '***' AND UPPER(KHFA2) LIKE '%KL\u00d6VERSTIGEN%' FETCH FIRST 50 ROWS ONLY", "execution_time_ms": 63.43889236450195, "row_count": 2, "success": true, "error": null}
2025-09-30 18:43:45 | INFO | {"request_id": "0a38c6d0-49ba-49be-8e20-50880c75bbee", "timestamp": "2025-09-30T18:43:45.842918", "operation_type": "dynamic_query", "table_name": "customer_search", "query": "SELECT KHKNR FROM DCPO.KHKNDHUR WHERE KHFKN = '***' AND KHFA2 LIKE '%Kl\u00f6verstigen%' AND KHSTS= '***' FETCH FIRST 50 ROWS ONLY", "execution_time_ms": 30.46703338623047, "row_count": 1, "success": true, "error": null}
2025-09-30 18:43:47 | INFO | {"request_id": "1740729c-d40d-435a-a1f9-3d5acf68ab5b", "timestamp": "2025-09-30T18:43:47.154016", "operation_type": "dynamic_query", "table_name": "order_lookup", "query": "SELECT OHONR, OHDA\u00d6, OHVAL FROM DCPO.OHKORDHR WHERE OHKNR = ### ORDER BY OHDA\u00d6 DESC FETCH FIRST 1 ROW ONLY", "execution_time_ms": 28.590917587280273, "row_count": 0, "success": true, "error": null}
2025-09-30 18:44:09 | INFO | {"request_id": "11d1343a-b5d5-4c7a-b4bc-3cf830090c2f", "timestamp": "2025-09-30T18:44:09.530454", "operation_type": "dynamic_query", "table_name": "customer_search", "query": "SELECT KHKNR FROM DCPO.KHKNDHUR WHERE UPPER(KHFA2) LIKE '%KL\u00d6VERSTIGEN 24A%' AND UPPER(KHFKN) LIKE '%AMILA G%' AND KHSTS= '***' FETCH FIRST 50 ROWS ONLY", "execution_time_ms": 53.090572357177734, "row_count": 1, "success": true, "error": null}
2025-09-30 18:44:10 | INFO | {"request_id": "3b3379f9-cb10-41e7-ae08-4be40b22a73c", "timestamp": "2025-09-30T18:44:10.476703", "operation_type": "dynamic_query", "table_name": "order_lookup", "query": "SELECT OHONR, OHVAL, OHDA\u00d6 FROM DCPO.OHKORDHR WHERE OHKNR = ### ORDER BY OHDA\u00d6 DESC FETCH FIRST 1 ROW ONLY", "execution_time_ms": 19.013643264770508, "row_count": 0, "success": true, "error": null}
2025-09-30 18:44:28 | INFO | {"request_id": "f75b3836-0f19-404a-9424-6677d829c69d", "timestamp": "2025-09-30T18:44:28.217945", "operation_type": "dynamic_query", "table_name": "order_lookup", "query": "SELECT OHONR, OHDA\u00d6, OHVAL FROM DCPO.OHKORDHR WHERE OHKNR = ### ORDER BY OHDA\u00d6 DESC FETCH FIRST 1 ROW ONLY", "execution_time_ms": 3.35693359375, "row_count": 0, "success": true, "error": null}
2025-09-30 18:44:52 | INFO | {"request_id": "969a58ab-d00f-4905-8b04-b9d840ae98c7", "timestamp": "2025-09-30T18:44:52.404468", "operation_type": "dynamic_query", "table_name": "customer_search", "query": "SELECT KHKNR, KHFKN, KHFA1, KHFA2, KHFA3, KHFA4, KHTEL FROM DCPO.KHKNDHUR WHERE KHSTS= '***' AND UPPER(KHFKN) LIKE '%CHAMILA G%' FETCH FIRST 50 ROWS ONLY", "execution_time_ms": 58.240413665771484, "row_count": 0, "success": true, "error": null}
2025-09-30 18:45:09 | INFO | {"request_id": "c924b16b-e050-419a-8672-f23cb3e1127e", "timestamp": "2025-09-30T18:45:09.448930", "operation_type": "dynamic_query", "table_name": "customer_count", "query": "SELECT COUNT(*) AS customer_count FROM DCPO.KHKNDHUR FETCH FIRST 50 ROWS ONLY", "execution_time_ms": 9.455680847167969, "row_count": 1, "success": true, "error": null}
2025-09-30 18:45:30 | INFO | {"request_id": "675e72df-f2de-48be-bb08-4c72824e0618", "timestamp": "2025-09-30T18:45:30.257942", "operation_type": "dynamic_query", "table_name": "active_customer_count", "query": "SELECT COUNT(*) AS active_customers_count FROM DCPO.KHKNDHUR WHERE KHSTS= '***' FETCH FIRST 50 ROWS ONLY", "execution_time_ms": 84.12027359008789, "row_count": 1, "success": true, "error": null}
2025-09-30 18:46:40 | INFO | {"request_id": "4236712c-ede8-42bf-bc47-43dc3a7aeb96", "timestamp": "2025-09-30T18:46:40.827805", "operation_type": "dynamic_query", "table_name": "customer_search", "query": "SELECT KHKNR, KHFKN, KHFA1, KHFA2, KHFA3, KHFA4, KHTEL FROM DCPO.KHKNDHUR WHERE KHSTS= '***' AND (UPPER(KHFKN) LIKE '%FORLAGSSYSTEMS%' OR UPPER(KHFA1) LIKE '%FORLAGSSYSTEMS%' OR UPPER(KHFA2) LIKE '%FORLAGSSYSTEMS%' OR UPPER(KHFA3) LIKE '%FORLAGSSYSTEMS%' OR UPPER(KHFA4) LIKE '%FORLAGSSYSTEMS%') FETCH FIRST 50 ROWS ONLY", "execution_time_ms": 122.06912040710449, "row_count": 0, "success": true, "error": null}
2025-09-30 18:47:12 | INFO | {"request_id": "7bb73d3d-084a-488c-8ccf-4c00126f7dbf", "timestamp": "2025-09-30T18:47:12.850101", "operation_type": "dynamic_query", "table_name": "customer_search", "query": "SELECT KHKNR, KHFKN, KHFA1, KHFA2, KHFA3, KHFA4, KHTEL FROM DCPO.KHKNDHUR WHERE KHSTS= '***' AND UPPER(KHFKN) LIKE '%FORLAGSYSTEM%' FETCH FIRST 50 ROWS ONLY", "execution_time_ms": 51.943302154541016, "row_count": 0, "success": true, "error": null}
2025-09-30 18:47:26 | INFO | {"request_id": "ced55130-f45d-4fa3-b9ef-389125d99712", "timestamp": "2025-09-30T18:47:26.779366", "operation_type": "dynamic_query", "table_name": "customer_search", "query": "SELECT KHKNR, KHFKN, KHFA1, KHFA2, KHFA3, KHFA4, KHTEL FROM DCPO.KHKNDHUR WHERE KHSTS= '***' AND UPPER(KHFKN) LIKE '%FORLAGSSYSTEM%' FETCH FIRST 50 ROWS ONLY", "execution_time_ms": 32.89151191711426, "row_count": 0, "success": true, "error": null}
2025-09-30 18:47:54 | INFO | {"request_id": "76d7b2bf-f0d8-4cde-af15-887d7221ff39", "timestamp": "2025-09-30T18:47:54.032472", "operation_type": "dynamic_query", "table_name": "order_lookup", "query": "SELECT OHONR, OHVAL FROM DCPO.OHKORDHR WHERE OHDA\u00d6 = ### ORDER BY OHVAL DESC FETCH FIRST 1 ROW ONLY", "execution_time_ms": 4113.465070724487, "row_count": 1, "success": true, "error": null}
2025-09-30 18:48:19 | INFO | {"request_id": "c211c82e-6ea7-4c7b-ac79-89097f84a4c6", "timestamp": "2025-09-30T18:48:19.997549", "operation_type": "dynamic_query", "table_name": "order_lookup", "query": "SELECT OHONR, OHVAL FROM DCPO.OHKORDHR WHERE OHDA\u00d6 = ### ORDER BY OHVAL DESC FETCH FIRST 1 ROW ONLY", "execution_time_ms": 3.6535263061523438, "row_count": 1, "success": true, "error": null}
2025-09-30 18:48:41 | INFO | {"request_id": "ea360669-e8b7-469c-a2d2-358836649958", "timestamp": "2025-09-30T18:48:41.715593", "operation_type": "dynamic_query", "table_name": "order_lookup", "query": "SELECT OHONR, OHVAL FROM DCPO.OHKORDHR WHERE OHDA\u00d6 = ### ORDER BY OHVAL DESC FETCH FIRST 1 ROW ONLY", "execution_time_ms": 1.5444755554199219, "row_count": 1, "success": true, "error": null}
2025-10-01 07:14:53 | INFO | {"request_id": "b67a3b21-1112-426d-828a-5fbe8c76f799", "timestamp": "2025-10-01T07:14:53.838807", "operation_type": "dynamic_query", "table_name": "order_lookup", "query": "SELECT OHONR, OHKNR, OHDA\u00d6, OHVAL FROM DCPO.OHKORDHR WHERE OHDA\u00d6 >= ### FETCH FIRST 50 ROWS ONLY", "execution_time_ms": 9837.170839309692, "row_count": 50, "success": true, "error": null}
2025-10-01 07:16:09 | INFO | {"request_id": "84a15c0d-da05-4341-8b20-265e0d913caf", "timestamp": "2025-10-01T07:16:09.217271", "operation_type": "dynamic_query", "table_name": "customer_search", "query": "SELECT KHKNR, KHFKN FROM DCPO.KHKNDHUR WHERE KHSTS= '***' AND UPPER(KHFKN) LIKE '%AMILA%' FETCH FIRST 50 ROWS ONLY", "execution_time_ms": 243.7152862548828, "row_count": 2, "success": true, "error": null}
2025-10-01 07:17:38 | INFO | {"request_id": "79e542e7-34ec-4ac7-8528-0febadb0943f", "timestamp": "2025-10-01T07:17:38.237371", "operation_type": "dynamic_query", "table_name": "latest_articles", "query": "SELECT AHANR, AHBES FROM DCPO.AHARTHUR WHERE AHSTS= '***' ORDER BY AHANR DESC FETCH FIRST 10 ROWS ONLY", "execution_time_ms": 117.23518371582031, "row_count": 10, "success": true, "error": null}
2025-10-01 07:18:11 | INFO | {"request_id": "dc57f408-6ba7-4d72-9a2d-f453573b18bc", "timestamp": "2025-10-01T07:18:11.844007", "operation_type": "dynamic_query", "table_name": "article_lookup", "query": "SELECT AHANR, AHBES, AHDAU FROM DCPO.AHARTHUR WHERE AHSTS= '***' ORDER BY AHDAU DESC FETCH FIRST 10 ROWS ONLY", "execution_time_ms": 1668.372631072998, "row_count": 10, "success": true, "error": null}
2025-10-01 07:20:33 | INFO | {"request_id": "691813bc-d570-4fea-81e3-9ea5add911dd", "timestamp": "2025-10-01T07:20:33.006342", "operation_type": "dynamic_query", "table_name": "article_price_lookup", "query": "SELECT AHANR, AHBES, AHKPR FROM DCPO.AHARTHUR WHERE AHSTS= '***' ORDER BY AHDAU DESC FETCH FIRST 10 ROWS ONLY", "execution_time_ms": 1851.166009902954, "row_count": 10, "success": true, "error": null}
2025-10-01 07:22:14 | INFO | {"request_id": "79dbcaf5-7a1d-41c9-b838-46c2943794fd", "timestamp": "2025-10-01T07:22:14.700308", "operation_type": "dynamic_query", "table_name": "article_lookup", "query": "SELECT AHANR, AHBES FROM DCPO.AHARTHUR WHERE AHSTS= '***' ORDER BY AHANR DESC FETCH FIRST 10 ROWS ONLY", "execution_time_ms": 6.170749664306641, "row_count": 10, "success": true, "error": null}
2025-10-01 07:24:21 | INFO | {"request_id": "17aefb41-ebfa-46e8-b14f-8229d54649b5", "timestamp": "2025-10-01T07:24:21.774882", "operation_type": "dynamic_query", "table_name": "stock_analysis", "query": "SELECT WSANR, SUM(WSDEBA) AS TotalStock FROM EGU.WSOUTSAV GROUP BY WSANR ORDER BY TotalStock DESC FETCH FIRST 10 ROWS ONLY", "execution_time_ms": 80632.04956054688, "row_count": 10, "success": true, "error": null}
2025-10-01 07:25:45 | INFO | {"request_id": "4bc39c83-2f99-47b1-80ff-18209cb09a08", "timestamp": "2025-10-01T07:25:45.515425", "operation_type": "dynamic_query", "table_name": "stock_analysis", "query": "SELECT WSANR, SUM(WSDEBA) AS TotalStock FROM EGU.WSOUTSAV GROUP BY WSANR ORDER BY TotalStock DESC FETCH FIRST 10 ROWS ONLY", "execution_time_ms": 83737.31303215027, "row_count": 10, "success": true, "error": null}
2025-10-01 07:27:50 | INFO | {"request_id": "e96b75ac-a3b9-46c2-9312-73fe9be5a808", "timestamp": "2025-10-01T07:27:50.815867", "operation_type": "dynamic_query", "table_name": "customer_search", "query": "SELECT KHKNR, KHFKN, KHFA1, KHFA2, KHFA3, KHFA4, KHTEL FROM DCPO.KHKNDHUR WHERE KHSTS= '***' AND UPPER(KHFKN) LIKE '%LINDA%' FETCH FIRST 50 ROWS ONLY", "execution_time_ms": 54.84294891357422, "row_count": 50, "success": true, "error": null}
2025-10-01 07:28:53 | INFO | {"request_id": "8a7c944a-992d-42b5-8218-20b80ec36b6a", "timestamp": "2025-10-01T07:28:53.779791", "operation_type": "dynamic_query", "table_name": "customer_search", "query": "SELECT KHKNR, KHFKN, KHFA1, KHFA2, KHFA3, KHFA4, KHTEL FROM DCPO.KHKNDHUR WHERE KHSTS= '***' AND UPPER(KHFKN) LIKE '%ALICE LUND%' AND (UPPER(KHFA1) LIKE '%GYMNASIET%' OR UPPER(KHFA2) LIKE '%GYMNASIET%' OR UPPER(KHFA3) LIKE '%GYMNASIET%' OR UPPER(KHFA4) LIKE '%GYMNASIET%') FETCH FIRST 50 ROWS ONLY", "execution_time_ms": 484.47632789611816, "row_count": 0, "success": true, "error": null}
2025-10-01 07:30:30 | INFO | {"request_id": "422e2f04-f906-495b-ba5a-a2cff10634b9", "timestamp": "2025-10-01T07:30:30.755359", "operation_type": "dynamic_query", "table_name": "order_lookup", "query": "SELECT OHONR, OHKNR, OHDA\u00d6, OHVAL FROM DCPO.OHKORDHR WHERE OHDA\u00d6 >= ### AND OHDA\u00d6 <= ### FETCH FIRST 50 ROWS ONLY", "execution_time_ms": 8421.252489089966, "row_count": 50, "success": true, "error": null}
2025-10-02 09:38:09 | INFO | {"event": "service_shutdown", "timestamp": "2025-10-02T09:38:09.865934", "service": "Service Gateway"}
2025-10-02 09:38:27 | INFO | {"event": "service_startup", "timestamp": "2025-10-02T09:38:27.344896", "service": "Service Gateway"}
2025-10-02 09:38:45 | INFO | {"event": "service_shutdown", "timestamp": "2025-10-02T09:38:45.980393", "service": "Service Gateway"}
2025-10-02 09:38:53 | INFO | {"event": "service_startup", "timestamp": "2025-10-02T09:38:53.628979", "service": "Service Gateway"}
2025-10-02 10:00:28 | INFO | {"event": "service_startup", "timestamp": "2025-10-02T10:00:28.397597", "service": "Service Gateway"}
2025-10-02 10:00:28 | INFO | {"event": "service_shutdown", "timestamp": "2025-10-02T10:00:28.400409", "service": "Service Gateway"}
2025-10-02 10:00:40 | INFO | {"event": "service_shutdown", "timestamp": "2025-10-02T10:00:40.290368", "service": "Service Gateway"}
2025-10-02 10:00:47 | INFO | {"event": "service_startup", "timestamp": "2025-10-02T10:00:47.888591", "service": "Service Gateway"}
2025-10-02 10:08:22 | INFO | {"event": "service_startup", "timestamp": "2025-10-02T10:08:22.907065", "service": "Service Gateway"}
2025-10-02 10:08:22 | INFO | {"event": "service_shutdown", "timestamp": "2025-10-02T10:08:22.908841", "service": "Service Gateway"}
2025-10-02 10:08:24 | INFO | {"event": "service_startup", "timestamp": "2025-10-02T10:08:24.056921", "service": "Service Gateway"}
2025-10-02 10:08:24 | INFO | {"event": "service_shutdown", "timestamp": "2025-10-02T10:08:24.058804", "service": "Service Gateway"}
2025-10-02 10:08:27 | INFO | {"event": "service_startup", "timestamp": "2025-10-02T10:08:27.169375", "service": "Service Gateway"}
2025-10-02 10:08:27 | INFO | {"event": "service_shutdown", "timestamp": "2025-10-02T10:08:27.171212", "service": "Service Gateway"}
2025-10-02 10:08:32 | INFO | {"event": "service_startup", "timestamp": "2025-10-02T10:08:32.290048", "service": "Service Gateway"}
2025-10-02 10:08:32 | INFO | {"event": "service_shutdown", "timestamp": "2025-10-02T10:08:32.291840", "service": "Service Gateway"}
2025-10-02 10:08:41 | INFO | {"event": "service_startup", "timestamp": "2025-10-02T10:08:41.393041", "service": "Service Gateway"}
2025-10-02 10:08:41 | INFO | {"event": "service_shutdown", "timestamp": "2025-10-02T10:08:41.394829", "service": "Service Gateway"}
2025-10-02 10:08:58 | INFO | {"event": "service_startup", "timestamp": "2025-10-02T10:08:58.500781", "service": "Service Gateway"}
2025-10-02 10:08:58 | INFO | {"event": "service_shutdown", "timestamp": "2025-10-02T10:08:58.502710", "service": "Service Gateway"}
2025-10-02 10:09:31 | INFO | {"event": "service_startup", "timestamp": "2025-10-02T10:09:31.589344", "service": "Service Gateway"}
2025-10-02 10:09:31 | INFO | {"event": "service_shutdown", "timestamp": "2025-10-02T10:09:31.591186", "service": "Service Gateway"}
2025-10-02 10:10:36 | INFO | {"event": "service_startup", "timestamp": "2025-10-02T10:10:36.692058", "service": "Service Gateway"}
2025-10-02 10:10:36 | INFO | {"event": "service_shutdown", "timestamp": "2025-10-02T10:10:36.695322", "service": "Service Gateway"}
2025-10-02 10:12:45 | INFO | {"event": "service_startup", "timestamp": "2025-10-02T10:12:45.785626", "service": "Service Gateway"}
2025-10-02 10:12:45 | INFO | {"event": "service_shutdown", "timestamp": "2025-10-02T10:12:45.787374", "service": "Service Gateway"}
2025-10-02 10:16:05 | INFO | {"event": "service_startup", "timestamp": "2025-10-02T10:16:05.907255", "service": "Service Gateway"}
2025-10-02 10:16:05 | INFO | {"event": "service_shutdown", "timestamp": "2025-10-02T10:16:05.909148", "service": "Service Gateway"}
2025-10-02 10:16:09 | INFO | {"event": "service_startup", "timestamp": "2025-10-02T10:16:09.057719", "service": "Service Gateway"}
2025-10-02 10:16:09 | INFO | {"event": "service_shutdown", "timestamp": "2025-10-02T10:16:09.059982", "service": "Service Gateway"}
2025-10-02 10:16:17 | INFO | {"event": "service_startup", "timestamp": "2025-10-02T10:16:17.586698", "service": "Service Gateway"}
2025-10-02 10:16:17 | INFO | {"event": "service_shutdown", "timestamp": "2025-10-02T10:16:17.588481", "service": "Service Gateway"}
2025-10-02 10:16:20 | INFO | {"event": "service_startup", "timestamp": "2025-10-02T10:16:20.699124", "service": "Service Gateway"}
2025-10-02 10:16:20 | INFO | {"event": "service_shutdown", "timestamp": "2025-10-02T10:16:20.701005", "service": "Service Gateway"}
2025-10-02 10:16:25 | INFO | {"event": "service_startup", "timestamp": "2025-10-02T10:16:25.810282", "service": "Service Gateway"}
2025-10-02 10:16:25 | INFO | {"event": "service_shutdown", "timestamp": "2025-10-02T10:16:25.812125", "service": "Service Gateway"}
2025-10-02 10:16:34 | INFO | {"event": "service_startup", "timestamp": "2025-10-02T10:16:34.907317", "service": "Service Gateway"}
2025-10-02 10:16:34 | INFO | {"event": "service_shutdown", "timestamp": "2025-10-02T10:16:34.909265", "service": "Service Gateway"}
2025-10-02 10:16:52 | INFO | {"event": "service_startup", "timestamp": "2025-10-02T10:16:52.121802", "service": "Service Gateway"}
2025-10-02 10:17:03 | INFO | {"event": "service_shutdown", "timestamp": "2025-10-02T10:17:03.527532", "service": "Service Gateway"}
2025-10-02 10:17:07 | INFO | {"event": "service_startup", "timestamp": "2025-10-02T10:17:07.960055", "service": "Service Gateway"}
2025-10-02 10:18:59 | INFO | {"request_id": "fbc87c84-747f-4939-a2b4-85ec747328aa", "timestamp": "2025-10-02T10:18:59.218875", "operation_type": "SELECT", "table_name": null, "query": "SELECT KHKNR, KHFKN FROM DCPO.KHKNDHUR WHERE KHKNR= ###", "execution_time_ms": 19.769668579101562, "row_count": 1, "success": true, "error": null}
2025-10-02 10:21:44 | INFO | {"request_id": "29d948af-9591-4bd5-9507-394a4a40e4f0", "timestamp": "2025-10-02T10:21:44.341686", "operation_type": "SELECT", "table_name": null, "query": "SELECT KRFNR, KRBLF FROM DCPO.KRKFAKTR FETCH FIRST 5 ROWS ONLY", "execution_time_ms": 12.985944747924805, "row_count": 5, "success": true, "error": null}
2025-10-02 10:21:44 | INFO | {"request_id": "02e9bdcf-4e78-436d-ad64-a74360aa14a4", "timestamp": "2025-10-02T10:21:44.716247", "operation_type": "SELECT", "table_name": null, "query": "SELECT KRFNR, KRBLF FROM DCPO.KRKFAKTR FETCH FIRST 5 ROWS ONLY", "execution_time_ms": 3.1430721282958984, "row_count": 5, "success": true, "error": null}
2025-10-02 10:22:45 | INFO | {"request_id": "f4c1c02c-d98b-4c65-bbfe-7b3ae218fb65", "timestamp": "2025-10-02T10:22:45.228546", "operation_type": "SELECT", "table_name": null, "query": "SELECT KRFNR, KRBLF FROM DCPO.KRKFAKTR FETCH FIRST 5 ROWS ONLY", "execution_time_ms": 1.4853477478027344, "row_count": 5, "success": true, "error": null}
2025-10-02 10:25:32 | INFO | {"request_id": "1e162b5a-1cc5-41bf-9ca8-3f4438c6ef79", "timestamp": "2025-10-02T10:25:32.377548", "operation_type": "SELECT", "table_name": null, "query": "SELECT KRFNR, KRBLF FROM DCPO.KRKFAKTR FETCH FIRST 5 ROWS ONLY", "execution_time_ms": 1.4226436614990234, "row_count": 5, "success": true, "error": null}
2025-10-02 10:25:32 | INFO | {"request_id": "ea1ae18c-ec4b-4eba-b813-c300129aefcb", "timestamp": "2025-10-02T10:25:32.431632", "operation_type": "SELECT", "table_name": null, "query": "SELECT KRFNR, KRBLF FROM DCPO.KRKFAKTR FETCH FIRST 5 ROWS ONLY", "execution_time_ms": 1.4624595642089844, "row_count": 5, "success": true, "error": null}
2025-10-02 10:26:10 | INFO | {"request_id": "c38a62e1-18f8-4c81-8cb4-4b75c136af76", "timestamp": "2025-10-02T10:26:10.073597", "operation_type": "SELECT", "table_name": null, "query": "SELECT KRFNR, KRBLF FROM DCPO.KRKFAKTR FETCH FIRST 5 ROWS ONLY", "execution_time_ms": 1.470804214477539, "row_count": 5, "success": true, "error": null}
2025-10-02 10:26:10 | INFO | {"request_id": "6a760edb-7a32-49a3-be07-1648fb45389d", "timestamp": "2025-10-02T10:26:10.324493", "operation_type": "SELECT", "table_name": null, "query": "SELECT KRFNR, KRBLF FROM DCPO.KRKFAKTR FETCH FIRST 5 ROWS ONLY", "execution_time_ms": 1.4696121215820312, "row_count": 5, "success": true, "error": null}
2025-10-02 10:26:10 | INFO | {"request_id": "b94563aa-1211-4947-8071-0e1880315dd8", "timestamp": "2025-10-02T10:26:10.491012", "operation_type": "SELECT", "table_name": null, "query": "SELECT KHKNR, KHFKN, KHTEL FROM DCPO.KHKNDHUR WHERE KHKNR= ###", "execution_time_ms": 22.717714309692383, "row_count": 1, "success": true, "error": null}
2025-10-02 10:50:06 | INFO | {"event": "service_shutdown", "timestamp": "2025-10-02T10:50:06.672573", "service": "Service Gateway"}
2025-10-02 10:50:21 | INFO | {"event": "service_startup", "timestamp": "2025-10-02T10:50:21.688789", "service": "Service Gateway"}
2025-10-02 10:51:09 | INFO | {"request_id": "3da11e4b-d394-4af1-bed2-f235d426b798", "timestamp": "2025-10-02T10:51:09.844217", "operation_type": "dynamic_query", "table_name": "custom", "query": "SELECT KHKNR, KHFKN, KHTEL, KHFA1, KHFA2, KHFA3, KHFA4, KHKG\u00c4, KHSTS\nFROM DCPO.KHKNDHUR\nWHERE KHKNR = ### AND KHSTS = '***'\nFETCH FIRST 10 ROWS ONLY;", "execution_time_ms": 5.6896209716796875, "row_count": 0, "success": false, "error": "('42000', '[42000] [IBM][System i Access ODBC Driver][DB2 for i5/OS]SQL0104 - Token ; was not valid. Valid tokens: <END-OF-STATEMENT>. (-104) (SQLExecDirectW)')"}
2025-10-02 10:57:31 | INFO | {"request_id": "bd1bf2fe-8c01-42b3-bf7b-8ee691b49dc7", "timestamp": "2025-10-02T10:57:31.609726", "operation_type": "SELECT", "table_name": null, "query": "SELECT KHKNR, KHFKN, KHTEL, KHFA1, KHFA2, KHFA3, KHFA4, KHKG\u00c4, KHSTS\nFROM DCPO.KHKNDHUR\nWHERE KHKNR = ### AND KHSTS = '***'\nFETCH FIRST 10 ROWS ONLY", "execution_time_ms": 154.8151969909668, "row_count": 1, "success": true, "error": null}
2025-10-02 10:59:46 | INFO | {"request_id": "e774fd1a-bb27-4f0a-8765-9d3555c98fe0", "timestamp": "2025-10-02T10:59:46.393109", "operation_type": "SELECT", "table_name": null, "query": "SELECT KRFNR, KRKNR, KRBLF, KRDAF, KRDFF\nFROM DCPO.KRKFAKTR\nORDER BY KRBLF DESC\nFETCH FIRST 5 ROWS ONLY", "execution_time_ms": 21.986961364746094, "row_count": 5, "success": true, "error": null}
2025-10-02 11:00:03 | INFO | {"request_id": "0533aa52-5190-42c4-b737-8280cc3fa20d", "timestamp": "2025-10-02T11:00:03.912124", "operation_type": "SELECT", "table_name": null, "query": "SELECT SUM(KRBLF) AS Total_Invoice_Amount\nFROM DCPO.KRKFAKTR\nWHERE KRDAF BETWEEN 20250901 AND 20250930\nFETCH FIRST 10 ROWS ONLY", "execution_time_ms": 2800.94575881958, "row_count": 1, "success": true, "error": null}
2025-10-02 11:33:59 | INFO | {"request_id": "59ff9a03-c1f5-4aaa-9755-8e9f76bf5021", "timestamp": "2025-10-02T11:33:59.302450", "operation_type": "SELECT", "table_name": null, "query": "SELECT KHKNR, KHFKN, KHTEL, KHFA1, KHFA2, KHFA3, KHFA4, KHKG\u00c4, KHSTS\nFROM DCPO.KHKNDHUR\nWHERE KHKNR = ### AND KHSTS = '***'\nFETCH FIRST 10 ROWS ONLY", "execution_time_ms": 26.726484298706055, "row_count": 1, "success": true, "error": null}
2025-10-02 11:34:21 | INFO | {"request_id": "e4afb0df-a0c7-44e5-8904-a7f970aa2154", "timestamp": "2025-10-02T11:34:21.090030", "operation_type": "SELECT", "table_name": null, "query": "SELECT KHKNR, KHFKN, KHTEL, KHFA1, KHFA2, KHFA3, KHFA4, KHKG\u00c4\nFROM DCPO.KHKNDHUR\nWHERE KHSTS = '***'\nFETCH FIRST 10 ROWS ONLY", "execution_time_ms": 31.7838191986084, "row_count": 10, "success": true, "error": null}
2025-10-02 11:36:13 | INFO | {"request_id": "61dfc57f-e291-4060-a201-0e91ab039804", "timestamp": "2025-10-02T11:36:13.564203", "operation_type": "SELECT", "table_name": null, "query": "SELECT KRFNR, KRKNR, KRBLF, KRDAF, KRDFF\nFROM DCPO.KRKFAKTR\nWHERE KRDAF = TO_CHAR(CURRENT_DATE, 'YYYYMMDD')\nORDER BY KRDAF DESC, KRFNR DESC\nFETCH FIRST 10 ROWS ONLY", "execution_time_ms": 3448.3819007873535, "row_count": 0, "success": true, "error": null}
2025-10-02 11:36:54 | INFO | {"request_id": "86df4ed3-f5ed-4ff1-a9eb-4daa878c1aef", "timestamp": "2025-10-02T11:36:54.432537", "operation_type": "SELECT", "table_name": null, "query": "SELECT KHKNR, KHFKN, KHTEL, KHFA1, KHFA2, KHFA3, KHFA4, KHKG\u00c4\nFROM DCPO.KHKNDHUR\nWHERE KHSTS = '***'\nFETCH FIRST 10 ROWS ONLY", "execution_time_ms": 4.319667816162109, "row_count": 10, "success": true, "error": null}
2025-10-02 15:04:00 | INFO | {"request_id": "a7d65494-8053-4be0-81fd-91e811d3cb5a", "timestamp": "2025-10-02T15:04:00.948281", "operation_type": "SELECT", "table_name": null, "query": "SELECT KHKNR, KHFKN, KHTEL, KHFA1, KHFA2, KHFA3, KHFA4, KHKG\u00c4\nFROM DCPO.KHKNDHUR\nWHERE KHSTS = '***' AND KHFKN = '***'\nFETCH FIRST 10 ROWS ONLY", "execution_time_ms": 134.14669036865234, "row_count": 0, "success": true, "error": null}
2025-10-02 15:04:35 | INFO | {"request_id": "503f3e79-c725-46f2-a12f-05829bb64f23", "timestamp": "2025-10-02T15:04:35.895798", "operation_type": "SELECT", "table_name": null, "query": "SELECT KHKNR, KHFKN, KHTEL, KHFA1, KHFA2, KHFA3, KHFA4, KHKG\u00c4\nFROM DCPO.KHKNDHUR\nWHERE KHKNR = '***' AND KHSTS = '***'\nFETCH FIRST 10 ROWS ONLY", "execution_time_ms": 13.604402542114258, "row_count": 1, "success": true, "error": null}
2025-10-02 15:15:28 | INFO | {"request_id": "2f512591-085e-4828-85af-8a14db3dc5e1", "timestamp": "2025-10-02T15:15:28.602556", "operation_type": "SELECT", "table_name": null, "query": "SELECT KHKNR, KHFKN, KHTEL, KHFA1, KHFA2, KHFA3, KHFA4, KHKG\u00c4\nFROM DCPO.KHKNDHUR\nWHERE KHKNR = ### AND KHSTS = '***'\nFETCH FIRST 10 ROWS ONLY", "execution_time_ms": 10.634660720825195, "row_count": 1, "success": true, "error": null}
2025-10-02 15:31:26 | INFO | {"request_id": "17c2ba4e-f3db-45eb-a18b-a3fd9a4e9026", "timestamp": "2025-10-02T15:31:26.781222", "operation_type": "SELECT", "table_name": null, "query": "SELECT KHKNR, KHFKN, KHTEL, KHFA1, KHFA2, KHFA3, KHFA4, KHKG\u00c4 \nFROM DCPO.KHKNDHUR \nWHERE KHFKN = '***' AND KHSTS = '***' \nFETCH FIRST 10 ROWS ONLY", "execution_time_ms": 24.34086799621582, "row_count": 0, "success": true, "error": null}
2025-10-02 15:42:34 | INFO | {"event": "service_shutdown", "timestamp": "2025-10-02T15:42:34.113720", "service": "Service Gateway"}
2025-10-02 15:42:37 | INFO | {"event": "service_startup", "timestamp": "2025-10-02T15:42:37.931044", "service": "Service Gateway"}
2025-10-02 15:43:35 | INFO | {"request_id": "12a69e96-6510-436d-b20e-632fbd017c80", "timestamp": "2025-10-02T15:43:35.245933", "operation_type": "SELECT", "table_name": null, "query": "SELECT KRFNR, KRKNR, KRBLF, KRDAF, KRDFF\nFROM DCPO.KRKFAKTR\nWHERE KRKNR IN (\n    SELECT KHKNR\n    FROM DCPO.KHKNDHUR\n    WHERE KHSTS = '***'\n)\nORDER BY KRDAF DESC\nFETCH FIRST 10 ROWS ONLY", "execution_time_ms": 3365.0622367858887, "row_count": 10, "success": true, "error": null}
2025-10-02 15:44:13 | INFO | {"request_id": "98abf1dc-55bf-414d-b1ee-b4712ca19200", "timestamp": "2025-10-02T15:44:13.445726", "operation_type": "SELECT", "table_name": null, "query": "SELECT KHKNR, KHFKN, KHTEL, KHFA1, KHFA2, KHFA3, KHFA4, KHKG\u00c4 \nFROM DCPO.KHKNDHUR \nWHERE KHSTS = '***' AND KHFKN = '***' \nFETCH FIRST 10 ROWS ONLY", "execution_time_ms": 18.17011833190918, "row_count": 0, "success": true, "error": null}
2025-10-02 15:49:19 | INFO | {"request_id": "dc0f2868-b788-48f0-be33-81dfe4fe4726", "timestamp": "2025-10-02T15:49:19.724228", "operation_type": "SELECT", "table_name": null, "query": "SELECT KHKNR, KHFKN, KHTEL, KHFA1, KHFA2, KHFA3, KHFA4, KHKG\u00c4 \nFROM DCPO.KHKNDHUR \nWHERE UPPER(KHFKN) LIKE UPPER('%Amila%') AND KHSTS = '***' \nFETCH FIRST 10 ROWS ONLY", "execution_time_ms": 67.72470474243164, "row_count": 2, "success": true, "error": null}
2025-10-02 15:50:16 | INFO | {"request_id": "db0b246b-771d-4b53-9d89-915677b3118c", "timestamp": "2025-10-02T15:50:16.220073", "operation_type": "SELECT", "table_name": null, "query": "SELECT OHONR, OHKNR, OHDAO\nFROM DCPO.OHKORDHR\nWHERE OHDAO = ###\nFETCH FIRST 10 ROWS ONLY", "execution_time_ms": 18.02515983581543, "row_count": 10, "success": true, "error": null}
2025-10-02 15:50:57 | INFO | {"request_id": "89a82146-0dda-4c13-9e45-62578a83936e", "timestamp": "2025-10-02T15:50:57.394535", "operation_type": "SELECT", "table_name": null, "query": "SELECT SUM(KRBLF) AS TotalInvoiceAmount\nFROM DCPO.KRKFAKTR\nWHERE KRKNR IN (\n    SELECT KHKNR\n    FROM DCPO.KHKNDHUR\n    WHERE KHSTS = '***'\n)", "execution_time_ms": 7356.924295425415, "row_count": 1, "success": true, "error": null}
2025-10-02 15:51:24 | INFO | {"request_id": "72f6ee26-d832-4789-b5c4-5c64ef7b1bbb", "timestamp": "2025-10-02T15:51:24.989216", "operation_type": "SELECT", "table_name": null, "query": "SELECT COUNT(*)\nFROM DCPO.OHKORDHR\nWHERE OHDAO = ###", "execution_time_ms": 18.561601638793945, "row_count": 1, "success": true, "error": null}
2025-10-02 15:51:50 | INFO | {"request_id": "85a467ec-44ff-4976-905e-6248dc1a405e", "timestamp": "2025-10-02T15:51:50.412021", "operation_type": "SELECT", "table_name": null, "query": "SELECT OHONR, OHKNR, OHDAO \nFROM DCPO.OHKORDHR \nWHERE OHDAO = ### \nFETCH FIRST 10 ROWS ONLY", "execution_time_ms": 3.6535263061523438, "row_count": 10, "success": true, "error": null}
2025-10-02 15:55:49 | INFO | {"request_id": "ddfdfde4-938b-449c-a27a-8f642594f261", "timestamp": "2025-10-02T15:55:49.209846", "operation_type": "dynamic_query", "table_name": "custom", "query": "SELECT KRFNR, KRKNR, KRBLF, KRDAF, KRDFF\nFROM DCPO.KRKFAKTR\nWHERE KRKNR = (SELECT KHKNR FROM DCPO.KHKNDHUR WHERE KHSTS = '***')\nAND KRDFF < CURRENT_DATE\nFETCH FIRST 10 ROWS ONLY", "execution_time_ms": 4.839897155761719, "row_count": 0, "success": false, "error": "('HY000', '[HY000] [IBM][System i Access ODBC Driver][DB2 for i5/OS]SQL0401 - Comparison operator < operands not compatible. (-401) (SQLExecDirectW)')"}
2025-10-02 15:56:04 | INFO | {"request_id": "ed76e4d9-08f4-4b95-bc6c-66fea00942a7", "timestamp": "2025-10-02T15:56:04.908774", "operation_type": "dynamic_query", "table_name": "custom", "query": "SELECT KHKNR, KHFKN, SUM(KRBLF) AS TotalArrears\nFROM DCPO.KHKNDHUR\nJOIN DCPO.KRKFAKTR ON KHKNDHUR.KHKNR = KRKFAKTR.KRKNR\nWHERE KHSTS = '***' AND KRDFF < CURRENT_DATE\nGROUP BY KHKNR, KHFKN\nFETCH FIRST 10 ROWS ONLY", "execution_time_ms": 149.55735206604004, "row_count": 0, "success": false, "error": "('42S22', '[42S22] [IBM][System i Access ODBC Driver][DB2 for i5/OS]SQL0206 - Column or global variable KHKNR not found. (-206) (SQLExecDirectW)')"}
2025-10-02 16:08:25 | INFO | {"request_id": "a41b1242-48ca-41f3-aa1a-46a5ae712d9a", "timestamp": "2025-10-02T16:08:25.442012", "operation_type": "SELECT", "table_name": null, "query": "SELECT * \nFROM DCPO.KHKNDHUR \nWHERE KHKNR = ### \n  AND KHSTS = '***'\nFETCH FIRST 10 ROWS ONLY", "execution_time_ms": 160.4311466217041, "row_count": 1, "success": true, "error": null}
2025-10-02 16:09:05 | INFO | {"request_id": "05be0f89-1974-41bb-b163-47287a6c7294", "timestamp": "2025-10-02T16:09:05.681801", "operation_type": "SELECT", "table_name": null, "query": "SELECT * \nFROM DCPO.KHKNDHUR \nWHERE KHKNR = ### \n  AND KHSTS = '***'\nFETCH FIRST 10 ROWS ONLY", "execution_time_ms": 5.898714065551758, "row_count": 0, "success": true, "error": null}
2025-10-02 16:10:18 | INFO | {"request_id": "15a53ad5-6a05-4f74-8ac3-d2bead79118f", "timestamp": "2025-10-02T16:10:18.681723", "operation_type": "SELECT", "table_name": null, "query": "SELECT KHKNR, KHFKN, KHTEL, KHFA1, KHFA2, KHFA3, KHFA4, KHKG\u00c4 \nFROM DCPO.KHKNDHUR \nWHERE KHSTS = '***' AND KHKNR = ### \nFETCH FIRST 10 ROWS ONLY", "execution_time_ms": 11.590003967285156, "row_count": 1, "success": true, "error": null}
2025-10-02 16:10:40 | INFO | {"request_id": "c129c8d4-3971-4ce6-9198-30039a2f6cfb", "timestamp": "2025-10-02T16:10:40.148824", "operation_type": "SELECT", "table_name": null, "query": "SELECT KHKG\u00c4 \nFROM DCPO.KHKNDHUR \nWHERE KHSTS = '***' \nFETCH FIRST 10 ROWS ONLY", "execution_time_ms": 10.280132293701172, "row_count": 10, "success": true, "error": null}
2025-10-02 16:12:20 | INFO | {"request_id": "bad41996-0488-43be-97c0-743b1c6673f8", "timestamp": "2025-10-02T16:12:20.361770", "operation_type": "SELECT", "table_name": null, "query": "SELECT KHKNR, KHFKN, KHTEL, KHFA1, KHFA2, KHFA3, KHFA4, KHKG\u00c4, KHSTS\nFROM DCPO.KHKNDHUR\nWHERE KHSTS = '***'\nORDER BY KHKNR DESC\nFETCH FIRST 10 ROWS ONLY", "execution_time_ms": 48.001766204833984, "row_count": 10, "success": true, "error": null}
2025-10-02 16:13:12 | INFO | {"request_id": "47fd6d2e-ae7b-4a0f-82b6-31fca77d3282", "timestamp": "2025-10-02T16:13:12.277553", "operation_type": "dynamic_query", "table_name": "custom", "query": "SELECT O.OHONR, O.OHKNR, O.OHDAO, I.KRFNR, I.KRBLF, I.KRDAF\nFROM DCPO.OHKORDHR O\nJOIN DCPO.KRKFAKTR I ON O.OHONR = I.KRFNR\nWHERE O.OHDAO >= TO_NUMBER(TO_CHAR(ADD_MONTHS(SYSDATE, -1), 'YYYYMMDD'))\nORDER BY I.KRBLF DESC\nFETCH FIRST 10 ROWS ONLY", "execution_time_ms": 5.446910858154297, "row_count": 0, "success": false, "error": "('42S22', '[42S22] [IBM][System i Access ODBC Driver][DB2 for i5/OS]SQL0206 - Column or global variable SYSDATE not found. (-206) (SQLExecDirectW)')"}
2025-10-02 16:18:27 | INFO | {"request_id": "85bf172c-4fbe-48b6-b7b6-3af00bc02b6b", "timestamp": "2025-10-02T16:18:27.916940", "operation_type": "SELECT", "table_name": null, "query": "SELECT * FROM DCPO.OHKORDHR\nWHERE OHONR = ###\nFETCH FIRST 10 ROWS ONLY", "execution_time_ms": 164.08228874206543, "row_count": 0, "success": true, "error": null}
2025-10-02 16:20:44 | INFO | {"request_id": "35d95527-2d9e-4b5d-9956-b274bfb54f16", "timestamp": "2025-10-02T16:20:44.015419", "operation_type": "SELECT", "table_name": null, "query": "SELECT KHKNR, KHFKN, KHTEL, KHFA1, KHFA2, KHFA3, KHFA4, KHKG\u00c4 \nFROM DCPO.KHKNDHUR \nWHERE KHKNR = ### AND KHSTS = '***'\nFETCH FIRST 10 ROWS ONLY", "execution_time_ms": 9.166955947875977, "row_count": 0, "success": true, "error": null}
2025-10-02 16:23:19 | INFO | {"request_id": "171ca97e-41da-4fee-b9f4-4d9e09e6c77b", "timestamp": "2025-10-02T16:23:19.392060", "operation_type": "SELECT", "table_name": null, "query": "SELECT * FROM DCPO.OHKORDHR\nWHERE OHONR = ###\nFETCH FIRST 10 ROWS ONLY", "execution_time_ms": 8.675575256347656, "row_count": 1, "success": true, "error": null}
2025-10-02 16:23:37 | INFO | {"request_id": "ce4b6f9b-c390-48b5-bd4d-7fe85d69fb4d", "timestamp": "2025-10-02T16:23:37.485233", "operation_type": "SELECT", "table_name": null, "query": "SELECT KHKNR, KHFKN, KHTEL, KHFA1, KHFA2, KHFA3, KHFA4, KHKG\u00c4 \nFROM DCPO.KHKNDHUR \nWHERE KHSTS = '***' AND KHKNR = ### \nFETCH FIRST 10 ROWS ONLY", "execution_time_ms": 4.317045211791992, "row_count": 0, "success": true, "error": null}
2025-10-02 16:25:20 | INFO | {"request_id": "30515b74-57c6-4808-90f4-8593eb0ee0b7", "timestamp": "2025-10-02T16:25:20.648439", "operation_type": "SELECT", "table_name": null, "query": "SELECT * FROM DCPO.OHKORDHR\nWHERE OHONR = ###\nFETCH FIRST 10 ROWS ONLY", "execution_time_ms": 7.561206817626953, "row_count": 9, "success": true, "error": null}
2025-10-02 16:27:33 | INFO | {"request_id": "11712575-3ca0-4ce0-87e3-4d421f2e3634", "timestamp": "2025-10-02T16:27:33.032504", "operation_type": "dynamic_query", "table_name": "custom", "query": "SELECT OHONR, OHDAO \nFROM DCPO.OHKORDHR \nWHERE OHKNR = (SELECT KHKNR FROM DCPO.KHKNDHUR WHERE KHSTS = '***' AND KHKNR = :customer_number)\nFETCH FIRST 10 ROWS ONLY", "execution_time_ms": 3.205537796020508, "row_count": 0, "success": false, "error": "('42000', '[42000] [IBM][System i Access ODBC Driver][DB2 for i5/OS]SQL0312 - Variable CUSTOMER_NUMBER not defined or not usable for reason code 8. (-312) (SQLExecDirectW)')"}
2025-10-02 16:31:33 | INFO | {"request_id": "70bc3cdf-8be7-404b-b852-3b99a5df68ff", "timestamp": "2025-10-02T16:31:33.751353", "operation_type": "SELECT", "table_name": null, "query": "SELECT OHONR, COUNT(*) AS OrderCount\nFROM DCPO.OHKORDHR\nJOIN DCPO.KHKNDHUR ON OHKNR = KHKNR\nWHERE KHSTS = '***'\nGROUP BY OHONR\nORDER BY OrderCount DESC\nFETCH FIRST 10 ROWS ONLY", "execution_time_ms": 26269.76251602173, "row_count": 10, "success": true, "error": null}
2025-10-02 16:32:21 | INFO | {"request_id": "7efd59f7-c004-44dc-8dca-ecfe3a0cf51d", "timestamp": "2025-10-02T16:32:21.679376", "operation_type": "SELECT", "table_name": null, "query": "SELECT * FROM DCPO.KHKNDHUR \nWHERE KHSTS = '***' \nAND UPPER(KHFKN) LIKE UPPER('%artices%')\nFETCH FIRST 10 ROWS ONLY", "execution_time_ms": 56.41460418701172, "row_count": 0, "success": true, "error": null}
2025-10-02 16:32:40 | INFO | {"request_id": "29f79b6d-427a-41d8-bab0-930f45664ea8", "timestamp": "2025-10-02T16:32:40.511496", "operation_type": "SELECT", "table_name": null, "query": "SELECT * \nFROM DCPO.OHKORDHR \nORDER BY OHDAO DESC \nFETCH FIRST 10 ROWS ONLY", "execution_time_ms": 37.554264068603516, "row_count": 10, "success": true, "error": null}
2025-10-02 16:33:16 | INFO | {"request_id": "14d5b0a7-bd3d-4e06-863c-3eeaeaf44b42", "timestamp": "2025-10-02T16:33:16.471866", "operation_type": "SELECT", "table_name": null, "query": "SELECT KHFKN, KHFA1, KHFA2, KHFA3, KHFA4, KHKG\u00c4 \nFROM DCPO.KHKNDHUR \nWHERE KHSTS = '***' \nAND UPPER(KHFKN) LIKE UPPER('%artical name%') \nFETCH FIRST 10 ROWS ONLY", "execution_time_ms": 57.19113349914551, "row_count": 0, "success": true, "error": null}
2025-10-03 09:28:06 | INFO | {"request_id": "8cce73ee-27c7-4fea-a9c7-c991c78ce2f2", "timestamp": "2025-10-03T09:28:06.404931", "operation_type": "SELECT", "table_name": null, "query": "SELECT KHKNR, KHFKN, KHTEL, KHFA1, KHFA2, KHFA3, KHFA4, KHKG\u00c4, KHSTS \nFROM DCPO.KHKNDHUR \nWHERE KHKNR = ### AND KHSTS = '***' \nFETCH FIRST 10 ROWS ONLY", "execution_time_ms": 137.33530044555664, "row_count": 1, "success": true, "error": null}
2025-10-03 09:28:22 | INFO | {"request_id": "a7577427-9aef-45eb-a95d-8f561d0373ed", "timestamp": "2025-10-03T09:28:22.658260", "operation_type": "SELECT", "table_name": null, "query": "SELECT KHKNR, KHFKN, KHKG\u00c4 \nFROM DCPO.KHKNDHUR \nWHERE KHSTS = '***' AND UPPER(KHKG\u00c4) LIKE UPPER('%credit limit%') \nFETCH FIRST 10 ROWS ONLY", "execution_time_ms": 92.20767021179199, "row_count": 0, "success": true, "error": null}
2025-10-03 09:28:33 | INFO | {"request_id": "f62e85ac-9cbc-4fee-ae13-1c409022920a", "timestamp": "2025-10-03T09:28:33.709449", "operation_type": "SELECT", "table_name": null, "query": "SELECT KHKG\u00c4 \nFROM DCPO.KHKNDHUR \nWHERE KHKNR = ### \nAND KHSTS = '***'\nFETCH FIRST 10 ROWS ONLY", "execution_time_ms": 13.99540901184082, "row_count": 1, "success": true, "error": null}
2025-10-03 09:47:53 | INFO | {"request_id": "88c57db0-5031-4b7d-bfab-68c5a34da1c6", "timestamp": "2025-10-03T09:47:53.376891", "operation_type": "SELECT", "table_name": null, "query": "SELECT KHKNR, KHFKN, KHTEL, KHFA1, KHFA2, KHFA3, KHFA4, KHKG\u00c4, KHSTS\nFROM DCPO.KHKNDHUR\nWHERE KHKNR = ### AND KHSTS = '***'\nFETCH FIRST 10 ROWS ONLY", "execution_time_ms": 9.941577911376953, "row_count": 1, "success": true, "error": null}
2025-10-03 09:49:21 | INFO | {"request_id": "bf26df6c-72c4-4aa7-b8e6-37199242b433", "timestamp": "2025-10-03T09:49:21.228177", "operation_type": "SELECT", "table_name": null, "query": "SELECT SUM(KRBLF) AS TotalPurchase\nFROM DCPO.KRKFAKTR\nWHERE KRKNR = ###\nAND KRDAF >= (SELECT MAX(KRDAF) - 7 FROM DCPO.KRKFAKTR WHERE KRKNR = ###)\nAND KRDAF <= (SELECT MAX(KRDAF) FROM DCPO.KRKFAKTR WHERE KRKNR = ###)\nAND KRKNR IN (SELECT KHKNR FROM DCPO.KHKNDHUR WHERE KHSTS = '***')", "execution_time_ms": 117.07377433776855, "row_count": 1, "success": true, "error": null}
2025-10-03 09:50:10 | INFO | {"request_id": "766a6586-4758-432c-8fa6-ab6bf0c9269c", "timestamp": "2025-10-03T09:50:10.458808", "operation_type": "dynamic_query", "table_name": "custom", "query": "SELECT KRFNR, KRKNR, KRBLF, KRDAF, KRDFF\nFROM DCPO.KRKFAKTR\nWHERE KRDAF >= TO_CHAR(CURRENT_DATE - 7, 'YYYYMMDD')\nORDER BY KRDAF DESC\nFETCH FIRST 10 ROWS ONLY", "execution_time_ms": 3.400087356567383, "row_count": 0, "success": false, "error": "('HY000', '[HY000] [IBM][System i Access ODBC Driver][DB2 for i5/OS]SQL0182 - A date, time, or timestamp expression not valid. (-182) (SQLExecDirectW)')"}
2025-10-03 09:50:43 | INFO | {"request_id": "b8a201c5-7889-45fc-925f-5d674e74676a", "timestamp": "2025-10-03T09:50:43.904299", "operation_type": "SELECT", "table_name": null, "query": "SELECT OHONR, OHKNR, OHDAO\nFROM DCPO.OHKORDHR\nWHERE OHDAO >= ### AND OHDAO <= ###\nFETCH FIRST 10 ROWS ONLY", "execution_time_ms": 331.4929008483887, "row_count": 10, "success": true, "error": null}
2025-10-03 09:51:28 | INFO | {"request_id": "5274747e-4cd6-493a-95b4-6f4cb02a5a7a", "timestamp": "2025-10-03T09:51:28.685401", "operation_type": "SELECT", "table_name": null, "query": "SELECT KHKNR, KHFKN, KHTEL, KHFA1, KHFA2, KHFA3, KHFA4, KHKG\u00c4\nFROM DCPO.KHKNDHUR\nWHERE KHSTS = '***' AND UPPER(KHFKN) LIKE UPPER('%Camila%')\nFETCH FIRST 10 ROWS ONLY", "execution_time_ms": 49.28398132324219, "row_count": 1, "success": true, "error": null}
2025-10-03 10:09:52 | INFO | {"request_id": "ee3dee9f-2399-4c1e-8926-42ac83bf1384", "timestamp": "2025-10-03T10:09:52.106732", "operation_type": "dynamic_query", "table_name": "custom", "query": "SELECT KHKNR, KHFKN, SUM(KRBLF) AS TotalInvoiceAmount\nFROM DCPO.KHKNDHUR\nJOIN DCPO.KRKFAKTR ON KHKNDHUR.KHKNR = KRKFAKTR.KRKNR\nWHERE KHSTS = '***'\nGROUP BY KHKNR, KHFKN\nORDER BY TotalInvoiceAmount DESC\nFETCH FIRST 10 ROWS ONLY", "execution_time_ms": 17.729759216308594, "row_count": 0, "success": false, "error": "('42S22', '[42S22] [IBM][System i Access ODBC Driver][DB2 for i5/OS]SQL0206 - Column or global variable KHKNR not found. (-206) (SQLExecDirectW)')"}
2025-10-03 10:10:15 | INFO | {"request_id": "89efd19f-2bbb-41cf-832d-6a3f042a6ac1", "timestamp": "2025-10-03T10:10:15.748373", "operation_type": "SELECT", "table_name": null, "query": "SELECT *\nFROM DCPO.KHKNDHUR\nWHERE KHSTS = '***'\nORDER BY KHKNR DESC\nFETCH FIRST 1 ROW ONLY", "execution_time_ms": 187.73698806762695, "row_count": 1, "success": true, "error": null}
2025-10-03 13:24:55 | INFO | {"event": "service_startup", "timestamp": "2025-10-03T13:24:55.370623", "service": "Service Gateway"}
2025-10-03 13:24:55 | INFO | {"event": "service_shutdown", "timestamp": "2025-10-03T13:24:55.372644", "service": "Service Gateway"}
2025-10-03 13:25:16 | INFO | {"event": "service_shutdown", "timestamp": "2025-10-03T13:25:16.920307", "service": "Service Gateway"}
2025-10-03 13:25:19 | INFO | {"event": "service_startup", "timestamp": "2025-10-03T13:25:19.534347", "service": "Service Gateway"}
2025-10-03 13:25:31 | INFO | {"event": "service_shutdown", "timestamp": "2025-10-03T13:25:31.917547", "service": "Service Gateway"}
2025-10-03 13:25:41 | INFO | {"event": "service_startup", "timestamp": "2025-10-03T13:25:41.263794", "service": "Service Gateway"}
2025-10-03 13:34:54 | INFO | {"event": "service_shutdown", "timestamp": "2025-10-03T13:34:54.218031", "service": "Service Gateway"}
2025-10-03 13:35:09 | INFO | {"event": "service_startup", "timestamp": "2025-10-03T13:35:09.791042", "service": "Service Gateway"}
2025-10-03 13:35:38 | INFO | {"request_id": "5d8d31bd-3fd7-44ae-9544-ca1d363c7265", "timestamp": "2025-10-03T13:35:38.203530", "operation_type": "SELECT", "table_name": null, "query": "SELECT KHFKN \nFROM DCPO.KHKNDHUR \nWHERE KHKNR = ### \nAND KHSTS = '***' \nFETCH FIRST 10 ROWS ONLY", "execution_time_ms": 17.951488494873047, "row_count": 1, "success": true, "error": null}
2025-10-03 13:35:56 | INFO | {"request_id": "87702051-930a-49bb-8625-60bfdb5dd900", "timestamp": "2025-10-03T13:35:56.871034", "operation_type": "SELECT", "table_name": null, "query": "SELECT KHFKN \nFROM DCPO.KHKNDHUR \nWHERE KHKNR = ### \nAND KHSTS = '***' \nFETCH FIRST 10 ROWS ONLY", "execution_time_ms": 2.7947425842285156, "row_count": 1, "success": true, "error": null}
2025-10-03 13:38:03 | INFO | {"event": "service_shutdown", "timestamp": "2025-10-03T13:38:03.243848", "service": "Service Gateway"}
2025-10-03 13:38:05 | INFO | {"event": "service_startup", "timestamp": "2025-10-03T13:38:05.776556", "service": "Service Gateway"}
2025-10-03 13:38:30 | INFO | {"request_id": "43e6558d-6529-4ce1-bc69-0dc72e0eabe4", "timestamp": "2025-10-03T13:38:30.495018", "operation_type": "SELECT", "table_name": null, "query": "SELECT KHKNR, KHFKN, KHTEL, KHFA1, KHFA2, KHFA3, KHFA4, KHKG\u00c4, KHSTS\nFROM DCPO.KHKNDHUR\nWHERE KHKNR = ### AND KHSTS = '***'\nFETCH FIRST 10 ROWS ONLY", "execution_time_ms": 17.39788055419922, "row_count": 1, "success": true, "error": null}
2025-10-03 13:42:06 | INFO | {"event": "service_shutdown", "timestamp": "2025-10-03T13:42:06.989774", "service": "Service Gateway"}
2025-10-03 13:42:44 | INFO | {"event": "service_startup", "timestamp": "2025-10-03T13:42:44.177322", "service": "Service Gateway"}
2025-10-03 13:42:57 | INFO | {"request_id": "9adfbcc8-77d0-45c0-a1c6-36ce04e1e331", "timestamp": "2025-10-03T13:42:57.830955", "operation_type": "SELECT", "table_name": null, "query": "SELECT KHKNR, KHFKN, KHTEL, KHFA1, KHFA2, KHFA3, KHFA4, KHKG\u00c4, KHSTS\nFROM DCPO.KHKNDHUR\nWHERE KHKNR = ### AND KHSTS = '***'\nFETCH FIRST 10 ROWS ONLY", "execution_time_ms": 6.666421890258789, "row_count": 1, "success": true, "error": null}
2025-10-03 13:43:26 | INFO | {"request_id": "b747f13b-3be8-4dcb-b2a3-604861e96849", "timestamp": "2025-10-03T13:43:26.987062", "operation_type": "SELECT", "table_name": null, "query": "SELECT KHKNR, KHFKN, KHTEL, KHFA1, KHFA2, KHFA3, KHFA4, KHKG\u00c4, KHSTS\nFROM DCPO.KHKNDHUR\nWHERE KHKNR = ### AND KHSTS = '***'\nFETCH FIRST 10 ROWS ONLY", "execution_time_ms": 3.733396530151367, "row_count": 1, "success": true, "error": null}
2025-10-03 13:46:45 | INFO | {"event": "service_shutdown", "timestamp": "2025-10-03T13:46:45.294454", "service": "Service Gateway"}
2025-10-03 13:46:56 | INFO | {"event": "service_startup", "timestamp": "2025-10-03T13:46:56.174563", "service": "Service Gateway"}
2025-10-03 13:49:13 | INFO | {"request_id": "a86e81d0-8550-4d55-a4f6-6ac6b592122d", "timestamp": "2025-10-03T13:49:13.554115", "operation_type": "SELECT", "table_name": null, "query": "SELECT KRFNR, KRKNR, KRBLF, KRDAF, KRDFF\nFROM DCPO.KRKFAKTR\nWHERE KRDAF = (\n    SELECT MAX(KRDAF)\n    FROM DCPO.KRKFAKTR\n)\nFETCH FIRST 10 ROWS ONLY", "execution_time_ms": 8497.86376953125, "row_count": 10, "success": true, "error": null}
2025-10-03 13:49:26 | INFO | {"request_id": "3a540ecf-b587-4cda-b5c6-b194fe094fab", "timestamp": "2025-10-03T13:49:26.246601", "operation_type": "SELECT", "table_name": null, "query": "SELECT KRFNR, KRKNR, KRBLF, KRDAF, KRDFF\nFROM DCPO.KRKFAKTR\nWHERE KRDAF IS NOT NULL\nORDER BY KRDAF DESC\nFETCH FIRST 10 ROWS ONLY", "execution_time_ms": 230.21769523620605, "row_count": 10, "success": true, "error": null}
2025-10-03 13:49:45 | INFO | {"request_id": "e2d7c294-45e6-4807-abd8-3854172eabba", "timestamp": "2025-10-03T13:49:45.342485", "operation_type": "SELECT", "table_name": null, "query": "SELECT KRFNR, KRKNR, KRBLF, KRDAF, KRDFF\nFROM DCPO.KRKFAKTR\nORDER BY KRDAF DESC\nFETCH FIRST 10 ROWS ONLY", "execution_time_ms": 24.364233016967773, "row_count": 10, "success": true, "error": null}
2025-10-03 13:52:38 | INFO | {"event": "service_shutdown", "timestamp": "2025-10-03T13:52:38.656295", "service": "Service Gateway"}
2025-10-03 13:57:13 | INFO | {"event": "service_startup", "timestamp": "2025-10-03T13:57:13.758827", "service": "Service Gateway"}
2025-10-03 13:58:14 | INFO | {"event": "service_shutdown", "timestamp": "2025-10-03T13:58:14.828599", "service": "Service Gateway"}
2025-10-03 14:00:53 | INFO | {"event": "service_startup", "timestamp": "2025-10-03T14:00:53.383838", "service": "Service Gateway"}
2025-10-03 14:01:02 | INFO | {"request_id": "d6b24f93-69e6-4940-b8b7-8d82328e624d", "timestamp": "2025-10-03T14:01:02.204766", "operation_type": "SELECT", "table_name": null, "query": "SELECT KHKNR, KHFKN, KHTEL, KHFA1, KHFA2, KHFA3, KHFA4, KHKG\u00c4\nFROM DCPO.KHKNDHUR\nWHERE KHSTS = '***'\nORDER BY KHKNR DESC\nFETCH FIRST 5 ROWS ONLY", "execution_time_ms": 38.14578056335449, "row_count": 5, "success": true, "error": null}
2025-10-03 14:08:29 | INFO | {"event": "service_shutdown", "timestamp": "2025-10-03T14:08:29.917799", "service": "Service Gateway"}
2025-10-03 14:09:26 | INFO | {"event": "service_startup", "timestamp": "2025-10-03T14:09:26.018840", "service": "Service Gateway"}
2025-10-03 14:10:44 | INFO | {"request_id": "dac988de-851c-47e4-a6f3-cb5f85b9d169", "timestamp": "2025-10-03T14:10:44.676727", "operation_type": "SELECT", "table_name": null, "query": "SELECT KHKNR, KHFKN, KHTEL, KHFA1, KHFA2, KHFA3, KHFA4, KHKG\u00c4\nFROM DCPO.KHKNDHUR\nWHERE KHSTS = '***'\nORDER BY KHKNR DESC\nFETCH FIRST 5 ROWS ONLY", "execution_time_ms": 10.993242263793945, "row_count": 5, "success": true, "error": null}
2025-10-03 14:11:03 | INFO | {"request_id": "b5d113dc-4bd3-47de-9c5a-053a7e1bb96d", "timestamp": "2025-10-03T14:11:03.016193", "operation_type": "SELECT", "table_name": null, "query": "SELECT KHKNR, KHFKN, KHTEL, KHFA1, KHFA2, KHFA3, KHFA4, KHKG\u00c4\nFROM DCPO.KHKNDHUR\nWHERE KHSTS = '***'\nORDER BY KHKNR DESC\nFETCH FIRST 5 ROWS ONLY", "execution_time_ms": 4.919290542602539, "row_count": 5, "success": true, "error": null}
2025-10-03 14:30:54 | INFO | {"event": "service_shutdown", "timestamp": "2025-10-03T14:30:54.279145", "service": "Service Gateway"}
2025-10-03 14:31:09 | INFO | {"event": "service_startup", "timestamp": "2025-10-03T14:31:09.160010", "service": "Service Gateway"}
2025-10-03 14:31:49 | INFO | {"request_id": "b7c42210-a0bc-4827-bf13-0ea0cb40f0bf", "timestamp": "2025-10-03T14:31:49.816696", "operation_type": "SELECT", "table_name": null, "query": "SELECT KHKNR, KHFKN, KHTEL, KHFA1, KHFA2, KHFA3, KHFA4, KHKG\u00c4\nFROM DCPO.KHKNDHUR\nWHERE KHSTS = '***'\nORDER BY KHKNR DESC\nFETCH FIRST 5 ROWS ONLY", "execution_time_ms": 8.154153823852539, "row_count": 5, "success": true, "error": null}
2025-10-03 14:32:55 | INFO | {"request_id": "3ac57414-1162-4ac9-ab05-7920f203c004", "timestamp": "2025-10-03T14:32:55.594797", "operation_type": "SELECT", "table_name": null, "query": "SELECT KHKNR, KHFKN, KHTEL, KHFA1, KHFA2, KHFA3, KHFA4, KHKG\u00c4\nFROM DCPO.KHKNDHUR\nWHERE KHSTS = '***'\nORDER BY KHKNR DESC\nFETCH FIRST 5 ROWS ONLY", "execution_time_ms": 5.364179611206055, "row_count": 5, "success": true, "error": null}
2025-10-03 14:55:04 | INFO | {"request_id": "1c279bc6-46e1-4db9-9cbb-7745c2428235", "timestamp": "2025-10-03T14:55:04.724113", "operation_type": "SELECT", "table_name": null, "query": "SELECT OHONR, OHKNR, OHDAO \nFROM DCPO.OHKORDHR \nORDER BY OHDAO DESC \nFETCH FIRST 10 ROWS ONLY", "execution_time_ms": 16.986370086669922, "row_count": 10, "success": true, "error": null}
2025-10-03 14:55:17 | INFO | {"request_id": "a1587f81-c9ed-427e-a330-7ad23b7e524f", "timestamp": "2025-10-03T14:55:17.300546", "operation_type": "SELECT", "table_name": null, "query": "SELECT OHONR, OHKNR, OHDAO \nFROM DCPO.OHKORDHR \nORDER BY OHDAO DESC \nFETCH FIRST 10 ROWS ONLY", "execution_time_ms": 2.9473304748535156, "row_count": 10, "success": true, "error": null}
2025-10-03 14:55:27 | INFO | {"request_id": "22bd7d1f-d1bf-405a-b753-0c491e58931b", "timestamp": "2025-10-03T14:55:27.132130", "operation_type": "SELECT", "table_name": null, "query": "SELECT OHONR, OHKNR, OHDAO \nFROM DCPO.OHKORDHR \nORDER BY OHDAO DESC \nFETCH FIRST 10 ROWS ONLY", "execution_time_ms": 1.4386177062988281, "row_count": 10, "success": true, "error": null}
2025-10-03 14:56:02 | INFO | {"request_id": "7b0c881a-3224-46be-a984-fcfaed3b0b3e", "timestamp": "2025-10-03T14:56:02.619745", "operation_type": "SELECT", "table_name": null, "query": "SELECT KHKNR, KHFKN, KHTEL, KHFA1, KHFA2, KHFA3, KHFA4, KHKG\u00c4 \nFROM DCPO.KHKNDHUR \nWHERE KHSTS = '***' AND UPPER(KHFKN) LIKE UPPER('%customer name%') \nFETCH FIRST 10 ROWS ONLY", "execution_time_ms": 62.53242492675781, "row_count": 0, "success": true, "error": null}
2025-10-03 15:22:58 | INFO | {"event": "service_shutdown", "timestamp": "2025-10-03T15:22:58.358899", "service": "Service Gateway"}
2025-10-03 15:28:01 | INFO | {"event": "service_startup", "timestamp": "2025-10-03T15:28:01.220912", "service": "Service Gateway"}
2025-10-03 15:30:50 | INFO | {"event": "service_shutdown", "timestamp": "2025-10-03T15:30:50.365265", "service": "Service Gateway"}
2025-10-03 15:30:55 | INFO | {"event": "service_startup", "timestamp": "2025-10-03T15:30:55.028306", "service": "Service Gateway"}
2025-10-03 15:33:35 | INFO | {"event": "service_shutdown", "timestamp": "2025-10-03T15:33:35.236521", "service": "Service Gateway"}
2025-10-03 15:33:45 | INFO | {"event": "service_startup", "timestamp": "2025-10-03T15:33:45.635749", "service": "Service Gateway"}
2025-10-03 15:34:12 | INFO | {"request_id": "e5f27abb-b5fc-48b8-babe-50c37fdf1bdd", "timestamp": "2025-10-03T15:34:12.194754", "operation_type": "dynamic_query", "table_name": "custom", "query": "SELECT * \nFROM DCPO.KHKNDHUR \nWHERE KHKNR = ### \n  AND KHSTS = '***' \nFETCH FIRST 10 ROWS ONLY\n\nContext:\nRecent conversation:\n  user: SELECT * \nFROM DCPO.KHKNDHUR \nWHERE KHKNR = ### \n  AND KHSTS = '***' \nFETCH FIRST 10 ROWS ONLY...\nReferenced customers: 330", "execution_time_ms": 2.937793731689453, "row_count": 0, "success": false, "error": "('42000', '[42000] [IBM][System i Access ODBC Driver][DB2 for i5/OS]SQL0104 - Token CONTEXT was not valid. Valid tokens: FOR USE SKIP WAIT WITH OPTIMIZE. (-104) (SQLExecDirectW)')"}
2025-10-03 15:35:39 | INFO | {"request_id": "4ec0cc95-a082-42ac-9df7-464f0bd7d891", "timestamp": "2025-10-03T15:35:39.412973", "operation_type": "dynamic_query", "table_name": "custom", "query": "SELECT KHKNR, KHFKN, KHTEL, KHFA1, KHFA2, KHFA3, KHFA4, KHKG\u00c4, KHSTS\nFROM DCPO.KHKNDHUR\nWHERE KHKNR = ### AND KHSTS = '***'\nFETCH FIRST 10 ROWS ONLY\n\nContext:\nRecent conversation:\n  user: SELECT KHKNR, KHFKN, KHTEL, KHFA1, KHFA2, KHFA3, KHFA4, KHKG\u00c4, KHSTS\nFROM DCPO.KHKNDHUR\nWHERE KHKNR ...\nReferenced customers: 330", "execution_time_ms": 135.82873344421387, "row_count": 0, "success": false, "error": "('42000', '[42000] [IBM][System i Access ODBC Driver][DB2 for i5/OS]SQL0104 - Token CONTEXT was not valid. Valid tokens: FOR USE SKIP WAIT WITH OPTIMIZE. (-104) (SQLExecDirectW)')"}
2025-10-03 15:41:30 | INFO | {"event": "service_shutdown", "timestamp": "2025-10-03T15:41:30.584855", "service": "Service Gateway"}
2025-10-03 15:41:40 | INFO | {"event": "service_startup", "timestamp": "2025-10-03T15:41:40.449333", "service": "Service Gateway"}
2025-10-03 15:42:12 | INFO | {"request_id": "e2374025-6ded-40f7-8122-9d94417cbe00", "timestamp": "2025-10-03T15:42:12.079410", "operation_type": "SELECT", "table_name": null, "query": "SELECT * FROM DCPO.KHKNDHUR\nWHERE KHKNR = ### AND KHSTS = '***'\nFETCH FIRST 10 ROWS ONLY", "execution_time_ms": 23.614883422851562, "row_count": 1, "success": true, "error": null}
2025-10-03 15:42:37 | INFO | {"request_id": "45c96524-7bac-47a7-b939-dc1bb7db9eca", "timestamp": "2025-10-03T15:42:37.320925", "operation_type": "dynamic_query", "table_name": "custom", "query": "SELECT KRFNR, KRBLF, KRDAF, KRDFF\nFROM DCPO.KRKFAKTR\nWHERE KRKNR = (\n    SELECT KHKNR\n    FROM DCPO.KHKNDHUR\n    WHERE UPPER(KHFKN) LIKE UPPER('%his%') AND KHSTS = '***'\n)\nORDER BY KRDAF DESC\nFETCH FIRST 1 ROW ONLY", "execution_time_ms": 27.46748924255371, "row_count": 0, "success": false, "error": "('HY000', '[HY000] [IBM][System i Access ODBC Driver][DB2 for i5/OS]SQL0811 - Result of SELECT more than one row. (-811) (SQLFetch)')"}
2025-10-03 15:49:58 | INFO | {"event": "service_shutdown", "timestamp": "2025-10-03T15:49:58.950871", "service": "Service Gateway"}
2025-10-03 15:56:52 | INFO | {"event": "service_startup", "timestamp": "2025-10-03T15:56:52.663199", "service": "Service Gateway"}
2025-10-03 15:57:29 | INFO | {"request_id": "c13550a8-ceda-4944-b0d2-76d43df0a235", "timestamp": "2025-10-03T15:57:29.597544", "operation_type": "SELECT", "table_name": null, "query": "SELECT KHKNR, KHFKN, KHTEL, KHFA1, KHFA2, KHFA3, KHFA4, KHKG\u00c4, KHSTS\nFROM DCPO.KHKNDHUR\nWHERE KHKNR = ### AND KHSTS = '***'\nFETCH FIRST 10 ROWS ONLY", "execution_time_ms": 10.810136795043945, "row_count": 1, "success": true, "error": null}
2025-10-03 15:57:46 | INFO | {"request_id": "48fac11d-21df-4c36-b8b5-461a7e5d9fc5", "timestamp": "2025-10-03T15:57:46.551633", "operation_type": "SELECT", "table_name": null, "query": "SELECT KHFA1, KHFA2, KHFA3, KHFA4 \nFROM DCPO.KHKNDHUR \nWHERE KHSTS = '***' \nAND UPPER(KHFKN) LIKE UPPER('%his%') \nFETCH FIRST 10 ROWS ONLY", "execution_time_ms": 15.582084655761719, "row_count": 10, "success": true, "error": null}
2025-10-03 15:59:34 | INFO | {"request_id": "7c01a89d-b91e-43cd-9d0e-57bda146906d", "timestamp": "2025-10-03T15:59:34.963540", "operation_type": "SELECT", "table_name": null, "query": "SELECT * \nFROM DCPO.KHKNDHUR \nWHERE UPPER(KHFKN) LIKE UPPER('%AHARTHUR%') \nAND KHSTS = '***' \nFETCH FIRST 10 ROWS ONLY", "execution_time_ms": 62.901973724365234, "row_count": 0, "success": true, "error": null}
2025-10-03 15:59:47 | INFO | {"request_id": "cf9ba59f-549d-4795-ad9a-ac5845aa729e", "timestamp": "2025-10-03T15:59:47.513075", "operation_type": "SELECT", "table_name": null, "query": "SELECT * \nFROM DCPO.KHKNDHUR \nWHERE UPPER(KHFKN) LIKE UPPER('%Ah%') \n  AND KHSTS = '***' \nFETCH FIRST 10 ROWS ONLY", "execution_time_ms": 8.387088775634766, "row_count": 10, "success": true, "error": null}
2025-10-03 16:01:13 | INFO | {"request_id": "574c9cb2-07fc-49c4-9ac8-80f158920bd9", "timestamp": "2025-10-03T16:01:13.553425", "operation_type": "SELECT", "table_name": null, "query": "SELECT * \nFROM DCPO.KHKNDHUR \nWHERE UPPER(KHFKN) LIKE UPPER('%AHAR%') \n  AND KHSTS = '***' \nFETCH FIRST 10 ROWS ONLY", "execution_time_ms": 49.4992733001709, "row_count": 4, "success": true, "error": null}
2025-10-03 16:01:57 | INFO | {"request_id": "5a6f108c-cc56-4dde-945a-82f651590770", "timestamp": "2025-10-03T16:01:57.222458", "operation_type": "SELECT", "table_name": null, "query": "SELECT *\nFROM DCPO.OHKORDHR\nWHERE OHKNR IN (\n    SELECT KHKNR\n    FROM DCPO.KHKNDHUR\n    WHERE UPPER(KHFKN) LIKE UPPER('%VillaMiaHarmoni%')\n    AND KHSTS = '***'\n)\nFETCH FIRST 10 ROWS ONLY", "execution_time_ms": 105.30233383178711, "row_count": 0, "success": true, "error": null}
2025-10-03 16:02:13 | INFO | {"request_id": "861d490f-0460-4269-b898-49d98ebd7ca9", "timestamp": "2025-10-03T16:02:13.029370", "operation_type": "SELECT", "table_name": null, "query": "SELECT KHKNR, KHFKN, KHTEL, KHFA1, KHFA2, KHFA3, KHFA4, KHKG\u00c4 \nFROM DCPO.KHKNDHUR \nWHERE KHSTS = '***' \nFETCH FIRST 10 ROWS ONLY", "execution_time_ms": 13.43393325805664, "row_count": 10, "success": true, "error": null}
2025-10-03 16:03:11 | INFO | {"request_id": "6cf7a40f-718b-4d98-b8c8-ac909d0e516e", "timestamp": "2025-10-03T16:03:11.470444", "operation_type": "SELECT", "table_name": null, "query": "SELECT KHKNR, KHFKN, KHKG\u00c4 \nFROM DCPO.KHKNDHUR \nWHERE KHSTS = '***' \nFETCH FIRST 10 ROWS ONLY", "execution_time_ms": 12.351512908935547, "row_count": 10, "success": true, "error": null}
2025-10-03 16:03:59 | INFO | {"request_id": "7a9d43a4-fccd-48ac-b2af-fef9d6a89986", "timestamp": "2025-10-03T16:03:59.946386", "operation_type": "SELECT", "table_name": null, "query": "SELECT OHONR, OHKNR, OHDAO\nFROM DCPO.OHKORDHR\nWHERE OHKNR IN (\n    SELECT KHKNR\n    FROM DCPO.KHKNDHUR\n    WHERE UPPER(KHFKN) LIKE UPPER('%IH%')\n    AND KHSTS = '***'\n)\nFETCH FIRST 10 ROWS ONLY", "execution_time_ms": 43.630123138427734, "row_count": 10, "success": true, "error": null}
2025-10-03 16:04:48 | INFO | {"request_id": "28a38326-59c4-4484-9dac-7e2532a44bc8", "timestamp": "2025-10-03T16:04:48.933780", "operation_type": "SELECT", "table_name": null, "query": "SELECT KRFNR, KRKNR, KRBLF, KRDAF, KRDFF\nFROM DCPO.KRKFAKTR\nWHERE KRKNR IN (\n    SELECT KHKNR\n    FROM DCPO.KHKNDHUR\n    WHERE KHSTS = '***'\n)\nFETCH FIRST 10 ROWS ONLY", "execution_time_ms": 36.398887634277344, "row_count": 10, "success": true, "error": null}
2025-10-03 16:05:17 | INFO | {"event": "service_shutdown", "timestamp": "2025-10-03T16:05:17.651620", "service": "Service Gateway"}
